<?xml version="1.0" encoding="UTF-8"?>
<testsuites name="Test" time="15.078" tests="2" failures="0" errors="1">
   <testsuite name="Test" tests="2" failures="0" errors="1" time="15.078" skipped="0" timestamp="2023-06-13 14:23:43" hostname="ABISHAR - Lenovo" id="Test Suites/Test">
      <properties>
         <property name="deviceName" value=""/>
         <property name="devicePlatform" value=""/>
         <property name="logFolder" value="C:\\Users\\ABISHAR\\Katalon Studio\\My First API Project\\Reports\\20230613_142329\\Test\\20230613_142329"/>
         <property name="logFiles" value="C:\\Users\\ABISHAR\\Katalon Studio\\My First API Project\\Reports\\20230613_142329\\Test\\20230613_142329\\execution0.log"/>
         <property name="attachments" value=""/>
         <property name="hostName" value="ABISHAR - Lenovo"/>
         <property name="hostAddress" value="10.131.0.18"/>
         <property name="os" value="Windows 10 64bit"/>
         <property name="katalonVersion" value="8.6.5.208"/>
      </properties>
      <testcase name="Test Cases/GetTokenCase" time="8.936" classname="Test Cases/GetTokenCase" status="PASSED">
         <system-out><![CDATA[2023-06-13 14:23:43 - [TEST_CASE][PASSED] - Test Cases/GetTokenCase: Test Cases/GetTokenCase

2023-06-13 14:23:45 - [TEST_STEP][PASSED] - currentTime = ZonedDateTime.now(ZoneOffset.ofHours(7)): null

2023-06-13 14:23:45 - [TEST_STEP][PASSED] - formatter = DateTimeFormatter.ofPattern("yyyy-MM-dd'T'HH:mm:ssxxx"): null

2023-06-13 14:23:45 - [TEST_STEP][PASSED] - formattedTimestamp = currentTime.format(formatter): null

2023-06-13 14:23:45 - [TEST_STEP][PASSED] - println("Timestamp: " + formattedTimestamp): null

2023-06-13 14:23:45 - [TEST_STEP][PASSED] - TIMESTAMP = formattedTimestamp: null

2023-06-13 14:23:46 - [TEST_STEP][PASSED] - signatureResponse = sendRequest(findTestObject("Postman/auth/GET SIGNATURE")): Send request successfully

2023-06-13 14:23:51 - [MESSAGE][INFO] - HAR: C:\Users\ABISHAR\Katalon Studio\My First API Project\Reports\20230613_142329\Test\20230613_142329\requests\main\0.har

2023-06-13 14:23:51 - [MESSAGE][PASSED] - Send request successfully

2023-06-13 14:23:51 - [TEST_STEP][PASSED] - signature = getElementPropertyValue(signatureResponse, "signature"): null

2023-06-13 14:23:52 - [TEST_STEP][PASSED] - println("signature is :" + signature): null

2023-06-13 14:23:52 - [TEST_STEP][PASSED] - AUTH_SIGNATURE = signature: null

2023-06-13 14:23:52 - [TEST_STEP][PASSED] - tokenResponse = sendRequest(findTestObject("Postman/auth/GET TOKEN", ["TIMESTAMP1":TIMESTAMP, "AUTH_SIGNATURE1":AUTH_SIGNATURE])): Send request successfully

2023-06-13 14:23:52 - [MESSAGE][INFO] - HAR: C:\Users\ABISHAR\Katalon Studio\My First API Project\Reports\20230613_142329\Test\20230613_142329\requests\main\1.har

2023-06-13 14:23:52 - [MESSAGE][PASSED] - Send request successfully

2023-06-13 14:23:52 - [TEST_STEP][PASSED] - verifyResponseStatusCode(tokenResponse, 200): Verify response status code successfully

2023-06-13 14:23:52 - [MESSAGE][PASSED] - Verify response status code successfully

2023-06-13 14:23:52 - [TEST_STEP][PASSED] - token = getElementPropertyValue(tokenResponse, "accessToken"): null

2023-06-13 14:23:52 - [TEST_STEP][PASSED] - println("Token is : " + token): null

2023-06-13 14:23:52 - [TEST_STEP][PASSED] - TOKEN = token: null]]></system-out>
         <system-err><![CDATA[]]></system-err>
      </testcase>
      <testcase name="Test Cases/InquiryDanaCase(Saving)" time="5.474" classname="Test Cases/InquiryDanaCase(Saving)" status="ERROR">
         <error type="ERROR" message="Test Cases/InquiryDanaCase(Saving) FAILED.
Reason:
java.lang.NullPointerException
	at com.kms.katalon.core.webservice.verification.WSResponseManager.getCurrentResponse(WSResponseManager.java:53)
	at com.kms.katalon.core.webservice.verification.WSResponseManager$getCurrentResponse$0.call(Unknown Source)
	at InquiryDanaCase(Saving).run(InquiryDanaCase(Saving):122)
	at com.kms.katalon.core.main.ScriptEngine.run(ScriptEngine.java:194)
	at com.kms.katalon.core.main.ScriptEngine.runScriptAsRawText(ScriptEngine.java:119)
	at com.kms.katalon.core.main.TestCaseExecutor.runScript(TestCaseExecutor.java:448)
	at com.kms.katalon.core.main.TestCaseExecutor.doExecute(TestCaseExecutor.java:439)
	at com.kms.katalon.core.main.TestCaseExecutor.processExecutionPhase(TestCaseExecutor.java:418)
	at com.kms.katalon.core.main.TestCaseExecutor.accessMainPhase(TestCaseExecutor.java:410)
	at com.kms.katalon.core.main.TestCaseExecutor.execute(TestCaseExecutor.java:285)
	at com.kms.katalon.core.common.CommonExecutor.accessTestCaseMainPhase(CommonExecutor.java:65)
	at com.kms.katalon.core.main.TestSuiteExecutor.accessTestSuiteMainPhase(TestSuiteExecutor.java:148)
	at com.kms.katalon.core.main.TestSuiteExecutor.execute(TestSuiteExecutor.java:106)
	at com.kms.katalon.core.main.TestCaseMain.startTestSuite(TestCaseMain.java:187)
	at com.kms.katalon.core.main.TestCaseMain$startTestSuite$0.call(Unknown Source)
	at TempTestSuite1686641009170.run(TempTestSuite1686641009170.groovy:36)
"/>
         <system-out><![CDATA[2023-06-13 14:23:52 - [TEST_CASE][ERROR] - Test Cases/InquiryDanaCase(Saving): Test Cases/InquiryDanaCase(Saving) FAILED.
Reason:
java.lang.NullPointerException
	at com.kms.katalon.core.webservice.verification.WSResponseManager.getCurrentResponse(WSResponseManager.java:53)
	at com.kms.katalon.core.webservice.verification.WSResponseManager$getCurrentResponse$0.call(Unknown Source)
	at InquiryDanaCase(Saving).run(InquiryDanaCase(Saving):122)
	at com.kms.katalon.core.main.ScriptEngine.run(ScriptEngine.java:194)
	at com.kms.katalon.core.main.ScriptEngine.runScriptAsRawText(ScriptEngine.java:119)
	at com.kms.katalon.core.main.TestCaseExecutor.runScript(TestCaseExecutor.java:448)
	at com.kms.katalon.core.main.TestCaseExecutor.doExecute(TestCaseExecutor.java:439)
	at com.kms.katalon.core.main.TestCaseExecutor.processExecutionPhase(TestCaseExecutor.java:418)
	at com.kms.katalon.core.main.TestCaseExecutor.accessMainPhase(TestCaseExecutor.java:410)
	at com.kms.katalon.core.main.TestCaseExecutor.execute(TestCaseExecutor.java:285)
	at com.kms.katalon.core.common.CommonExecutor.accessTestCaseMainPhase(CommonExecutor.java:65)
	at com.kms.katalon.core.main.TestSuiteExecutor.accessTestSuiteMainPhase(TestSuiteExecutor.java:148)
	at com.kms.katalon.core.main.TestSuiteExecutor.execute(TestSuiteExecutor.java:106)
	at com.kms.katalon.core.main.TestCaseMain.startTestSuite(TestCaseMain.java:187)
	at com.kms.katalon.core.main.TestCaseMain$startTestSuite$0.call(Unknown Source)
	at TempTestSuite1686641009170.run(TempTestSuite1686641009170.groovy:36)


2023-06-13 14:23:54 - [TEST_STEP][PASSED] - currentTime = ZonedDateTime.now(ZoneOffset.ofHours(7)): null

2023-06-13 14:23:54 - [TEST_STEP][PASSED] - formatter = DateTimeFormatter.ofPattern("MMdd"): null

2023-06-13 14:23:54 - [TEST_STEP][PASSED] - formattedLocalDate = currentTime.format(formatter): null

2023-06-13 14:23:54 - [TEST_STEP][PASSED] - println("Local Date: " + formattedLocalDate): null

2023-06-13 14:23:54 - [TEST_STEP][PASSED] - localDate = formattedLocalDate: null

2023-06-13 14:23:54 - [TEST_STEP][PASSED] - currentTime1 = ZonedDateTime.now(ZoneOffset.ofHours(7)): null

2023-06-13 14:23:54 - [TEST_STEP][PASSED] - formatter1 = DateTimeFormatter.ofPattern("HHmmss"): null

2023-06-13 14:23:54 - [TEST_STEP][PASSED] - formattedLocalTime = currentTime1.format(formatter1): null

2023-06-13 14:23:54 - [TEST_STEP][PASSED] - println("Local Time: " + formattedLocalTime): null

2023-06-13 14:23:54 - [TEST_STEP][PASSED] - localTime = formattedLocalTime: null

2023-06-13 14:23:54 - [TEST_STEP][PASSED] - formattedTransDateTime = formattedLocalDate + formattedLocalTime: null

2023-06-13 14:23:54 - [TEST_STEP][PASSED] - println("Trans Date Time: " + formattedTransDateTime): null

2023-06-13 14:23:54 - [TEST_STEP][PASSED] - transDateTime = formattedTransDateTime: null

2023-06-13 14:23:54 - [TEST_STEP][PASSED] - currentTime2 = ZonedDateTime.now(ZoneOffset.ofHours(7)): null

2023-06-13 14:23:54 - [TEST_STEP][PASSED] - formatter2 = DateTimeFormatter.ofPattern("MMdd"): null

2023-06-13 14:23:54 - [TEST_STEP][PASSED] - formattedSettlementDate = plusDays(1).format(formatter2): null

2023-06-13 14:23:54 - [TEST_STEP][PASSED] - println("SettlementDate: " + formattedSettlementDate): null

2023-06-13 14:23:54 - [TEST_STEP][PASSED] - settlementDate = formattedSettlementDate: null

2023-06-13 14:23:54 - [TEST_STEP][PASSED] - currentTime3 = ZonedDateTime.now(ZoneOffset.ofHours(7)): null

2023-06-13 14:23:54 - [TEST_STEP][PASSED] - formatter3 = DateTimeFormatter.ofPattern("yyMMddHHmmss"): null

2023-06-13 14:23:54 - [TEST_STEP][PASSED] - formattedReferenceNumber = currentTime3.format(formatter3): null

2023-06-13 14:23:54 - [TEST_STEP][PASSED] - println("Reference Number: " + formattedReferenceNumber): null

2023-06-13 14:23:54 - [TEST_STEP][PASSED] - referenceNumber = formattedReferenceNumber: null

2023-06-13 14:23:54 - [TEST_STEP][PASSED] - signatureResponse = sendRequest(findTestObject("Postman/emoney/opendenom Success/Saving/GET SIGNATURE SERVICE -  emoney dana open denom inquiry")): Send request successfully

2023-06-13 14:23:54 - [MESSAGE][INFO] - HAR: C:\Users\ABISHAR\Katalon Studio\My First API Project\Reports\20230613_142329\Test\20230613_142329\requests\main\2.har

2023-06-13 14:23:54 - [MESSAGE][PASSED] - Send request successfully

2023-06-13 14:23:54 - [TEST_STEP][PASSED] - signature = getElementPropertyValue(signatureResponse, "signature"): null

2023-06-13 14:23:54 - [TEST_STEP][PASSED] - println("signature service is :" + signature): null

2023-06-13 14:23:54 - [TEST_STEP][PASSED] - SERVICE_SIGNATURE = signature: null

2023-06-13 14:23:54 - [TEST_STEP][PASSED] - danaInquiryResponse = sendRequest(findTestObject("Postman/emoney/opendenom Success/Saving/dana inquiry")): Send request successfully

2023-06-13 14:23:58 - [MESSAGE][INFO] - HAR: C:\Users\ABISHAR\Katalon Studio\My First API Project\Reports\20230613_142329\Test\20230613_142329\requests\main\3.har

2023-06-13 14:23:58 - [MESSAGE][PASSED] - Send request successfully

2023-06-13 14:23:58 - [TEST_STEP][PASSED] - RC = getElementPropertyValue(danaInquiryResponse, "responseCode"): null

2023-06-13 14:23:58 - [TEST_STEP][PASSED] - println("RC is : " + RC): null

2023-06-13 14:23:58 - [TEST_STEP][PASSED] - transactionData = getElementPropertyValue(danaInquiryResponse, "transactionData"): null

2023-06-13 14:23:58 - [TEST_STEP][PASSED] - transactionData = transactionData: null

2023-06-13 14:23:58 - [TEST_STEP][PASSED] - println("transaction data is : " + transactionData): null

2023-06-13 14:23:58 - [TEST_STEP][PASSED] - nationalPmtData = getElementPropertyValue(danaInquiryResponse, "nationalPmtData"): null

2023-06-13 14:23:58 - [TEST_STEP][PASSED] - nationalPmtData1 = nationalPmtData: null

2023-06-13 14:23:58 - [TEST_STEP][PASSED] - replacedNationalPmtData = nationalPmtData1.replaceAll(""", "\\""): null

2023-06-13 14:23:58 - [TEST_STEP][PASSED] - nationalPmtData = replacedNationalPmtData: null

2023-06-13 14:23:58 - [TEST_STEP][PASSED] - println("National Payment Data is : " + replacedNationalPmtData): null

2023-06-13 14:23:58 - [TEST_STEP][PASSED] - verifyResponseStatusCode(danaInquiryResponse, 200): Verify response status code successfully

2023-06-13 14:23:58 - [MESSAGE][PASSED] - Verify response status code successfully

2023-06-13 14:23:58 - [TEST_STEP][ERROR] - danaInquiryResponse(responseBody = getInstance().getCurrentResponse()): Test Cases/InquiryDanaCase(Saving) FAILED.
Reason:
java.lang.NullPointerException
	at com.kms.katalon.core.webservice.verification.WSResponseManager.getCurrentResponse(WSResponseManager.java:53)
	at com.kms.katalon.core.webservice.verification.WSResponseManager$getCurrentResponse$0.call(Unknown Source)
	at InquiryDanaCase(Saving).run(InquiryDanaCase(Saving):122)
	at com.kms.katalon.core.main.ScriptEngine.run(ScriptEngine.java:194)
	at com.kms.katalon.core.main.ScriptEngine.runScriptAsRawText(ScriptEngine.java:119)
	at com.kms.katalon.core.main.TestCaseExecutor.runScript(TestCaseExecutor.java:448)
	at com.kms.katalon.core.main.TestCaseExecutor.doExecute(TestCaseExecutor.java:439)
	at com.kms.katalon.core.main.TestCaseExecutor.processExecutionPhase(TestCaseExecutor.java:418)
	at com.kms.katalon.core.main.TestCaseExecutor.accessMainPhase(TestCaseExecutor.java:410)
	at com.kms.katalon.core.main.TestCaseExecutor.execute(TestCaseExecutor.java:285)
	at com.kms.katalon.core.common.CommonExecutor.accessTestCaseMainPhase(CommonExecutor.java:65)
	at com.kms.katalon.core.main.TestSuiteExecutor.accessTestSuiteMainPhase(TestSuiteExecutor.java:148)
	at com.kms.katalon.core.main.TestSuiteExecutor.execute(TestSuiteExecutor.java:106)
	at com.kms.katalon.core.main.TestCaseMain.startTestSuite(TestCaseMain.java:187)
	at com.kms.katalon.core.main.TestCaseMain$startTestSuite$0.call(Unknown Source)
	at TempTestSuite1686641009170.run(TempTestSuite1686641009170.groovy:36)


2023-06-13 14:23:58 - [MESSAGE][ERROR] - Test Cases/InquiryDanaCase(Saving) FAILED.
Reason:
java.lang.NullPointerException
	at com.kms.katalon.core.webservice.verification.WSResponseManager.getCurrentResponse(WSResponseManager.java:53)
	at com.kms.katalon.core.webservice.verification.WSResponseManager$getCurrentResponse$0.call(Unknown Source)
	at InquiryDanaCase(Saving).run(InquiryDanaCase(Saving):122)
	at com.kms.katalon.core.main.ScriptEngine.run(ScriptEngine.java:194)
	at com.kms.katalon.core.main.ScriptEngine.runScriptAsRawText(ScriptEngine.java:119)
	at com.kms.katalon.core.main.TestCaseExecutor.runScript(TestCaseExecutor.java:448)
	at com.kms.katalon.core.main.TestCaseExecutor.doExecute(TestCaseExecutor.java:439)
	at com.kms.katalon.core.main.TestCaseExecutor.processExecutionPhase(TestCaseExecutor.java:418)
	at com.kms.katalon.core.main.TestCaseExecutor.accessMainPhase(TestCaseExecutor.java:410)
	at com.kms.katalon.core.main.TestCaseExecutor.execute(TestCaseExecutor.java:285)
	at com.kms.katalon.core.common.CommonExecutor.accessTestCaseMainPhase(CommonExecutor.java:65)
	at com.kms.katalon.core.main.TestSuiteExecutor.accessTestSuiteMainPhase(TestSuiteExecutor.java:148)
	at com.kms.katalon.core.main.TestSuiteExecutor.execute(TestSuiteExecutor.java:106)
	at com.kms.katalon.core.main.TestCaseMain.startTestSuite(TestCaseMain.java:187)
	at com.kms.katalon.core.main.TestCaseMain$startTestSuite$0.call(Unknown Source)
	at TempTestSuite1686641009170.run(TempTestSuite1686641009170.groovy:36)]]></system-out>
         <system-err><![CDATA[2023-06-13 14:23:52 - [TEST_CASE][ERROR] - Test Cases/InquiryDanaCase(Saving): Test Cases/InquiryDanaCase(Saving) FAILED.
Reason:
java.lang.NullPointerException
	at com.kms.katalon.core.webservice.verification.WSResponseManager.getCurrentResponse(WSResponseManager.java:53)
	at com.kms.katalon.core.webservice.verification.WSResponseManager$getCurrentResponse$0.call(Unknown Source)
	at InquiryDanaCase(Saving).run(InquiryDanaCase(Saving):122)
	at com.kms.katalon.core.main.ScriptEngine.run(ScriptEngine.java:194)
	at com.kms.katalon.core.main.ScriptEngine.runScriptAsRawText(ScriptEngine.java:119)
	at com.kms.katalon.core.main.TestCaseExecutor.runScript(TestCaseExecutor.java:448)
	at com.kms.katalon.core.main.TestCaseExecutor.doExecute(TestCaseExecutor.java:439)
	at com.kms.katalon.core.main.TestCaseExecutor.processExecutionPhase(TestCaseExecutor.java:418)
	at com.kms.katalon.core.main.TestCaseExecutor.accessMainPhase(TestCaseExecutor.java:410)
	at com.kms.katalon.core.main.TestCaseExecutor.execute(TestCaseExecutor.java:285)
	at com.kms.katalon.core.common.CommonExecutor.accessTestCaseMainPhase(CommonExecutor.java:65)
	at com.kms.katalon.core.main.TestSuiteExecutor.accessTestSuiteMainPhase(TestSuiteExecutor.java:148)
	at com.kms.katalon.core.main.TestSuiteExecutor.execute(TestSuiteExecutor.java:106)
	at com.kms.katalon.core.main.TestCaseMain.startTestSuite(TestCaseMain.java:187)
	at com.kms.katalon.core.main.TestCaseMain$startTestSuite$0.call(Unknown Source)
	at TempTestSuite1686641009170.run(TempTestSuite1686641009170.groovy:36)]]></system-err>
      </testcase>
      <system-out><![CDATA[2023-06-13 14:23:43 - [TEST_SUITE][ERROR] - Test: Test Cases/InquiryDanaCase(Saving) FAILED.
Reason:
java.lang.NullPointerException
	at com.kms.katalon.core.webservice.verification.WSResponseManager.getCurrentResponse(WSResponseManager.java:53)
	at com.kms.katalon.core.webservice.verification.WSResponseManager$getCurrentResponse$0.call(Unknown Source)
	at InquiryDanaCase(Saving).run(InquiryDanaCase(Saving):122)
	at com.kms.katalon.core.main.ScriptEngine.run(ScriptEngine.java:194)
	at com.kms.katalon.core.main.ScriptEngine.runScriptAsRawText(ScriptEngine.java:119)
	at com.kms.katalon.core.main.TestCaseExecutor.runScript(TestCaseExecutor.java:448)
	at com.kms.katalon.core.main.TestCaseExecutor.doExecute(TestCaseExecutor.java:439)
	at com.kms.katalon.core.main.TestCaseExecutor.processExecutionPhase(TestCaseExecutor.java:418)
	at com.kms.katalon.core.main.TestCaseExecutor.accessMainPhase(TestCaseExecutor.java:410)
	at com.kms.katalon.core.main.TestCaseExecutor.execute(TestCaseExecutor.java:285)
	at com.kms.katalon.core.common.CommonExecutor.accessTestCaseMainPhase(CommonExecutor.java:65)
	at com.kms.katalon.core.main.TestSuiteExecutor.accessTestSuiteMainPhase(TestSuiteExecutor.java:148)
	at com.kms.katalon.core.main.TestSuiteExecutor.execute(TestSuiteExecutor.java:106)
	at com.kms.katalon.core.main.TestCaseMain.startTestSuite(TestCaseMain.java:187)
	at com.kms.katalon.core.main.TestCaseMain$startTestSuite$0.call(Unknown Source)
	at TempTestSuite1686641009170.run(TempTestSuite1686641009170.groovy:36)]]></system-out>
      <system-err><![CDATA[2023-06-13 14:23:43 - [TEST_SUITE][ERROR] - Test: Test Cases/InquiryDanaCase(Saving) FAILED.
Reason:
java.lang.NullPointerException
	at com.kms.katalon.core.webservice.verification.WSResponseManager.getCurrentResponse(WSResponseManager.java:53)
	at com.kms.katalon.core.webservice.verification.WSResponseManager$getCurrentResponse$0.call(Unknown Source)
	at InquiryDanaCase(Saving).run(InquiryDanaCase(Saving):122)
	at com.kms.katalon.core.main.ScriptEngine.run(ScriptEngine.java:194)
	at com.kms.katalon.core.main.ScriptEngine.runScriptAsRawText(ScriptEngine.java:119)
	at com.kms.katalon.core.main.TestCaseExecutor.runScript(TestCaseExecutor.java:448)
	at com.kms.katalon.core.main.TestCaseExecutor.doExecute(TestCaseExecutor.java:439)
	at com.kms.katalon.core.main.TestCaseExecutor.processExecutionPhase(TestCaseExecutor.java:418)
	at com.kms.katalon.core.main.TestCaseExecutor.accessMainPhase(TestCaseExecutor.java:410)
	at com.kms.katalon.core.main.TestCaseExecutor.execute(TestCaseExecutor.java:285)
	at com.kms.katalon.core.common.CommonExecutor.accessTestCaseMainPhase(CommonExecutor.java:65)
	at com.kms.katalon.core.main.TestSuiteExecutor.accessTestSuiteMainPhase(TestSuiteExecutor.java:148)
	at com.kms.katalon.core.main.TestSuiteExecutor.execute(TestSuiteExecutor.java:106)
	at com.kms.katalon.core.main.TestCaseMain.startTestSuite(TestCaseMain.java:187)
	at com.kms.katalon.core.main.TestCaseMain$startTestSuite$0.call(Unknown Source)
	at TempTestSuite1686641009170.run(TempTestSuite1686641009170.groovy:36)]]></system-err>
   </testsuite>
</testsuites>
