<?xml version="1.0" encoding="UTF-8"?>
<testsuites name="GopayOpenDenomSuites" time="25.89" tests="4" failures="1" errors="0">
   <testsuite name="GopayOpenDenomSuites" tests="4" failures="1" errors="0" time="25.89" skipped="0" timestamp="2023-06-14 13:53:10" hostname="ABISHAR - Lenovo" id="Test Suites/GopayOpenDenomSuites">
      <properties>
         <property name="deviceName" value=""/>
         <property name="devicePlatform" value=""/>
         <property name="logFolder" value="C:\\Users\\ABISHAR\\git\\katalon\\api-katalon\\Reports\\20230614_135255\\GopayOpenDenomSuites\\20230614_135255"/>
         <property name="logFiles" value="C:\\Users\\ABISHAR\\git\\katalon\\api-katalon\\Reports\\20230614_135255\\GopayOpenDenomSuites\\20230614_135255\\execution0.log"/>
         <property name="attachments" value=""/>
         <property name="hostName" value="ABISHAR - Lenovo"/>
         <property name="hostAddress" value="10.131.0.39"/>
         <property name="os" value="Windows 10 64bit"/>
         <property name="katalonVersion" value="8.6.5.208"/>
      </properties>
      <testcase name="Test Cases/GetTokenCase" time="9.814" classname="Test Cases/GetTokenCase" status="PASSED">
         <system-out><![CDATA[2023-06-14 13:53:11 - [TEST_CASE][PASSED] - Test Cases/GetTokenCase: Test Cases/GetTokenCase

2023-06-14 13:53:13 - [TEST_STEP][PASSED] - currentTime = ZonedDateTime.now(ZoneOffset.ofHours(7)): null

2023-06-14 13:53:13 - [TEST_STEP][PASSED] - formatter = DateTimeFormatter.ofPattern("yyyy-MM-dd'T'HH:mm:ssxxx"): null

2023-06-14 13:53:13 - [TEST_STEP][PASSED] - formattedTimestamp = currentTime.format(formatter): null

2023-06-14 13:53:13 - [TEST_STEP][PASSED] - println("Timestamp: " + formattedTimestamp): null

2023-06-14 13:53:13 - [TEST_STEP][PASSED] - TIMESTAMP = formattedTimestamp: null

2023-06-14 13:53:14 - [TEST_STEP][PASSED] - signatureResponse = sendRequest(findTestObject("Postman/auth/GET SIGNATURE")): Send request successfully

2023-06-14 13:53:18 - [MESSAGE][INFO] - HAR: C:\Users\ABISHAR\git\katalon\api-katalon\Reports\20230614_135255\GopayOpenDenomSuites\20230614_135255\requests\main\0.har

2023-06-14 13:53:18 - [MESSAGE][PASSED] - Send request successfully

2023-06-14 13:53:18 - [TEST_STEP][PASSED] - signature = getElementPropertyValue(signatureResponse, "signature"): null

2023-06-14 13:53:18 - [TEST_STEP][PASSED] - println("signature is :" + signature): null

2023-06-14 13:53:18 - [TEST_STEP][PASSED] - AUTH_SIGNATURE = signature: null

2023-06-14 13:53:18 - [TEST_STEP][PASSED] - tokenResponse = sendRequest(findTestObject("Postman/auth/GET TOKEN", ["TIMESTAMP1":TIMESTAMP, "AUTH_SIGNATURE1":AUTH_SIGNATURE])): Send request successfully

2023-06-14 13:53:21 - [MESSAGE][INFO] - HAR: C:\Users\ABISHAR\git\katalon\api-katalon\Reports\20230614_135255\GopayOpenDenomSuites\20230614_135255\requests\main\1.har

2023-06-14 13:53:21 - [MESSAGE][PASSED] - Send request successfully

2023-06-14 13:53:21 - [TEST_STEP][PASSED] - verifyResponseStatusCode(tokenResponse, 200): Verify response status code successfully

2023-06-14 13:53:21 - [MESSAGE][PASSED] - Verify response status code successfully

2023-06-14 13:53:21 - [TEST_STEP][PASSED] - token = getElementPropertyValue(tokenResponse, "accessToken"): null

2023-06-14 13:53:21 - [TEST_STEP][PASSED] - println("Token is : " + token): null

2023-06-14 13:53:21 - [TEST_STEP][PASSED] - TOKEN = token: null]]></system-out>
         <system-err><![CDATA[]]></system-err>
      </testcase>
      <testcase name="Test Cases/InquiryGopayCase(Saving)" time="6.875" classname="Test Cases/InquiryGopayCase(Saving)" status="PASSED">
         <system-out><![CDATA[2023-06-14 13:53:21 - [TEST_CASE][PASSED] - Test Cases/InquiryGopayCase(Saving): Test Cases/InquiryGopayCase(Saving)

2023-06-14 13:53:22 - [TEST_STEP][PASSED] - currentTime = ZonedDateTime.now(ZoneOffset.ofHours(7)): null

2023-06-14 13:53:22 - [TEST_STEP][PASSED] - formatter = DateTimeFormatter.ofPattern("MMdd"): null

2023-06-14 13:53:22 - [TEST_STEP][PASSED] - formattedLocalDate = currentTime.format(formatter): null

2023-06-14 13:53:22 - [TEST_STEP][PASSED] - println("Local Date: " + formattedLocalDate): null

2023-06-14 13:53:22 - [TEST_STEP][PASSED] - localDate = formattedLocalDate: null

2023-06-14 13:53:22 - [TEST_STEP][PASSED] - currentTime1 = ZonedDateTime.now(ZoneOffset.ofHours(7)): null

2023-06-14 13:53:22 - [TEST_STEP][PASSED] - formatter1 = DateTimeFormatter.ofPattern("HHmmss"): null

2023-06-14 13:53:22 - [TEST_STEP][PASSED] - formattedLocalTime = currentTime1.format(formatter1): null

2023-06-14 13:53:22 - [TEST_STEP][PASSED] - println("Local Time: " + formattedLocalTime): null

2023-06-14 13:53:22 - [TEST_STEP][PASSED] - localTime = formattedLocalTime: null

2023-06-14 13:53:22 - [TEST_STEP][PASSED] - formattedTransDateTime = formattedLocalDate + formattedLocalTime: null

2023-06-14 13:53:22 - [TEST_STEP][PASSED] - println("Trans Date Time: " + formattedTransDateTime): null

2023-06-14 13:53:22 - [TEST_STEP][PASSED] - transDateTime = formattedTransDateTime: null

2023-06-14 13:53:22 - [TEST_STEP][PASSED] - currentTime2 = ZonedDateTime.now(ZoneOffset.ofHours(7)): null

2023-06-14 13:53:22 - [TEST_STEP][PASSED] - formatter2 = DateTimeFormatter.ofPattern("MMdd"): null

2023-06-14 13:53:22 - [TEST_STEP][PASSED] - formattedSettlementDate = plusDays(1).format(formatter2): null

2023-06-14 13:53:22 - [TEST_STEP][PASSED] - println("SettlementDate: " + formattedSettlementDate): null

2023-06-14 13:53:22 - [TEST_STEP][PASSED] - settlementDate = formattedSettlementDate: null

2023-06-14 13:53:22 - [TEST_STEP][PASSED] - currentTime3 = ZonedDateTime.now(ZoneOffset.ofHours(7)): null

2023-06-14 13:53:22 - [TEST_STEP][PASSED] - formatter3 = DateTimeFormatter.ofPattern("yyMMddHHmmss"): null

2023-06-14 13:53:22 - [TEST_STEP][PASSED] - formattedReferenceNumber = currentTime3.format(formatter3): null

2023-06-14 13:53:22 - [TEST_STEP][PASSED] - println("Reference Number: " + formattedReferenceNumber): null

2023-06-14 13:53:22 - [TEST_STEP][PASSED] - referenceNumber = formattedReferenceNumber: null

2023-06-14 13:53:22 - [TEST_STEP][PASSED] - signatureResponse = sendRequest(findTestObject("Postman/emoney/opendenom Success/Saving/GET SIGNATURE SERVICE -  emoney gopay open denom inquiry")): Send request successfully

2023-06-14 13:53:23 - [MESSAGE][INFO] - HAR: C:\Users\ABISHAR\git\katalon\api-katalon\Reports\20230614_135255\GopayOpenDenomSuites\20230614_135255\requests\main\2.har

2023-06-14 13:53:23 - [MESSAGE][PASSED] - Send request successfully

2023-06-14 13:53:23 - [TEST_STEP][PASSED] - signature = getElementPropertyValue(signatureResponse, "signature"): null

2023-06-14 13:53:23 - [TEST_STEP][PASSED] - println("signature service is :" + signature): null

2023-06-14 13:53:23 - [TEST_STEP][PASSED] - SERVICE_SIGNATURE = signature: null

2023-06-14 13:53:23 - [TEST_STEP][PASSED] - danaInquiryResponse = sendRequest(findTestObject("Postman/emoney/opendenom Success/Saving/gopay inquiry")): Send request successfully

2023-06-14 13:53:28 - [MESSAGE][INFO] - HAR: C:\Users\ABISHAR\git\katalon\api-katalon\Reports\20230614_135255\GopayOpenDenomSuites\20230614_135255\requests\main\3.har

2023-06-14 13:53:28 - [MESSAGE][PASSED] - Send request successfully

2023-06-14 13:53:28 - [TEST_STEP][PASSED] - RC = getElementPropertyValue(danaInquiryResponse, "responseCode"): null

2023-06-14 13:53:28 - [TEST_STEP][PASSED] - println("RC is : " + RC): null

2023-06-14 13:53:28 - [TEST_STEP][PASSED] - transactionData = getElementPropertyValue(danaInquiryResponse, "transactionData"): null

2023-06-14 13:53:28 - [TEST_STEP][PASSED] - transactionData = transactionData: null

2023-06-14 13:53:28 - [TEST_STEP][PASSED] - println("transaction data is : " + transactionData): null

2023-06-14 13:53:28 - [TEST_STEP][PASSED] - nationalPmtData = getElementPropertyValue(danaInquiryResponse, "nationalPmtData"): null

2023-06-14 13:53:28 - [TEST_STEP][PASSED] - nationalPmtData1 = nationalPmtData: null

2023-06-14 13:53:28 - [TEST_STEP][PASSED] - replacedNationalPmtData = nationalPmtData1.replaceAll(""", "\\""): null

2023-06-14 13:53:28 - [TEST_STEP][PASSED] - nationalPmtData = replacedNationalPmtData: null

2023-06-14 13:53:28 - [TEST_STEP][PASSED] - println("National Payment Data is : " + replacedNationalPmtData): null

2023-06-14 13:53:28 - [TEST_STEP][PASSED] - verifyResponseStatusCode(danaInquiryResponse, 200): Verify response status code successfully

2023-06-14 13:53:28 - [MESSAGE][PASSED] - Verify response status code successfully]]></system-out>
         <system-err><![CDATA[]]></system-err>
      </testcase>
      <testcase name="Test Cases/PaymentGopayCase(Saving)" time="3.452" classname="Test Cases/PaymentGopayCase(Saving)" status="FAILED">
         <failure type="FAILED" message="Test Cases/PaymentGopayCase(Saving) FAILED.
Reason:
com.kms.katalon.core.exception.StepFailedException: Expected element property value '68' is not equal with actual property value '13'
	at com.kms.katalon.core.keyword.internal.KeywordMain.stepFailed(KeywordMain.groovy:51)
	at com.kms.katalon.core.webservice.keyword.builtin.VerifyElementPropertyValueKeyword$_verifyElementPropertyValue_closure1.doCall(VerifyElementPropertyValueKeyword.groovy:56)
	at com.kms.katalon.core.webservice.keyword.builtin.VerifyElementPropertyValueKeyword$_verifyElementPropertyValue_closure1.call(VerifyElementPropertyValueKeyword.groovy)
	at com.kms.katalon.core.keyword.internal.KeywordMain.runKeyword(KeywordMain.groovy:75)
	at com.kms.katalon.core.webservice.keyword.builtin.VerifyElementPropertyValueKeyword.verifyElementPropertyValue(VerifyElementPropertyValueKeyword.groovy:48)
	at com.kms.katalon.core.webservice.keyword.builtin.VerifyElementPropertyValueKeyword.execute(VerifyElementPropertyValueKeyword.groovy:43)
	at com.kms.katalon.core.keyword.internal.KeywordExecutor.executeKeywordForPlatform(KeywordExecutor.groovy:74)
	at com.kms.katalon.core.webservice.keyword.WSBuiltInKeywords.verifyElementPropertyValue(WSBuiltInKeywords.groovy:190)
	at com.kms.katalon.core.webservice.keyword.WSBuiltInKeywords$verifyElementPropertyValue$2.call(Unknown Source)
	at PaymentGopayCase(Saving).run(PaymentGopayCase(Saving):105)
	at com.kms.katalon.core.main.ScriptEngine.run(ScriptEngine.java:194)
	at com.kms.katalon.core.main.ScriptEngine.runScriptAsRawText(ScriptEngine.java:119)
	at com.kms.katalon.core.main.TestCaseExecutor.runScript(TestCaseExecutor.java:448)
	at com.kms.katalon.core.main.TestCaseExecutor.doExecute(TestCaseExecutor.java:439)
	at com.kms.katalon.core.main.TestCaseExecutor.processExecutionPhase(TestCaseExecutor.java:418)
	at com.kms.katalon.core.main.TestCaseExecutor.accessMainPhase(TestCaseExecutor.java:410)
	at com.kms.katalon.core.main.TestCaseExecutor.execute(TestCaseExecutor.java:285)
	at com.kms.katalon.core.common.CommonExecutor.accessTestCaseMainPhase(CommonExecutor.java:65)
	at com.kms.katalon.core.main.TestSuiteExecutor.accessTestSuiteMainPhase(TestSuiteExecutor.java:148)
	at com.kms.katalon.core.main.TestSuiteExecutor.execute(TestSuiteExecutor.java:106)
	at com.kms.katalon.core.main.TestCaseMain.startTestSuite(TestCaseMain.java:187)
	at com.kms.katalon.core.main.TestCaseMain$startTestSuite$0.call(Unknown Source)
	at TempTestSuite1686725575908.run(TempTestSuite1686725575908.groovy:36)
"/>
         <system-out><![CDATA[2023-06-14 13:53:28 - [TEST_CASE][FAILED] - Test Cases/PaymentGopayCase(Saving): Test Cases/PaymentGopayCase(Saving) FAILED.
Reason:
com.kms.katalon.core.exception.StepFailedException: Expected element property value '68' is not equal with actual property value '13'
	at com.kms.katalon.core.keyword.internal.KeywordMain.stepFailed(KeywordMain.groovy:51)
	at com.kms.katalon.core.webservice.keyword.builtin.VerifyElementPropertyValueKeyword$_verifyElementPropertyValue_closure1.doCall(VerifyElementPropertyValueKeyword.groovy:56)
	at com.kms.katalon.core.webservice.keyword.builtin.VerifyElementPropertyValueKeyword$_verifyElementPropertyValue_closure1.call(VerifyElementPropertyValueKeyword.groovy)
	at com.kms.katalon.core.keyword.internal.KeywordMain.runKeyword(KeywordMain.groovy:75)
	at com.kms.katalon.core.webservice.keyword.builtin.VerifyElementPropertyValueKeyword.verifyElementPropertyValue(VerifyElementPropertyValueKeyword.groovy:48)
	at com.kms.katalon.core.webservice.keyword.builtin.VerifyElementPropertyValueKeyword.execute(VerifyElementPropertyValueKeyword.groovy:43)
	at com.kms.katalon.core.keyword.internal.KeywordExecutor.executeKeywordForPlatform(KeywordExecutor.groovy:74)
	at com.kms.katalon.core.webservice.keyword.WSBuiltInKeywords.verifyElementPropertyValue(WSBuiltInKeywords.groovy:190)
	at com.kms.katalon.core.webservice.keyword.WSBuiltInKeywords$verifyElementPropertyValue$2.call(Unknown Source)
	at PaymentGopayCase(Saving).run(PaymentGopayCase(Saving):105)
	at com.kms.katalon.core.main.ScriptEngine.run(ScriptEngine.java:194)
	at com.kms.katalon.core.main.ScriptEngine.runScriptAsRawText(ScriptEngine.java:119)
	at com.kms.katalon.core.main.TestCaseExecutor.runScript(TestCaseExecutor.java:448)
	at com.kms.katalon.core.main.TestCaseExecutor.doExecute(TestCaseExecutor.java:439)
	at com.kms.katalon.core.main.TestCaseExecutor.processExecutionPhase(TestCaseExecutor.java:418)
	at com.kms.katalon.core.main.TestCaseExecutor.accessMainPhase(TestCaseExecutor.java:410)
	at com.kms.katalon.core.main.TestCaseExecutor.execute(TestCaseExecutor.java:285)
	at com.kms.katalon.core.common.CommonExecutor.accessTestCaseMainPhase(CommonExecutor.java:65)
	at com.kms.katalon.core.main.TestSuiteExecutor.accessTestSuiteMainPhase(TestSuiteExecutor.java:148)
	at com.kms.katalon.core.main.TestSuiteExecutor.execute(TestSuiteExecutor.java:106)
	at com.kms.katalon.core.main.TestCaseMain.startTestSuite(TestCaseMain.java:187)
	at com.kms.katalon.core.main.TestCaseMain$startTestSuite$0.call(Unknown Source)
	at TempTestSuite1686725575908.run(TempTestSuite1686725575908.groovy:36)


2023-06-14 13:53:30 - [TEST_STEP][PASSED] - currentTime = ZonedDateTime.now(ZoneOffset.ofHours(7)): null

2023-06-14 13:53:30 - [TEST_STEP][PASSED] - formatter = DateTimeFormatter.ofPattern("MMdd"): null

2023-06-14 13:53:30 - [TEST_STEP][PASSED] - formattedLocalDate = currentTime.format(formatter): null

2023-06-14 13:53:30 - [TEST_STEP][PASSED] - println("Local Date: " + formattedLocalDate): null

2023-06-14 13:53:30 - [TEST_STEP][PASSED] - localDate = formattedLocalDate: null

2023-06-14 13:53:30 - [TEST_STEP][PASSED] - currentTime1 = ZonedDateTime.now(ZoneOffset.ofHours(7)): null

2023-06-14 13:53:30 - [TEST_STEP][PASSED] - formatter1 = DateTimeFormatter.ofPattern("HHmmss"): null

2023-06-14 13:53:30 - [TEST_STEP][PASSED] - formattedLocalTime = currentTime1.format(formatter1): null

2023-06-14 13:53:30 - [TEST_STEP][PASSED] - println("Local Time: " + formattedLocalTime): null

2023-06-14 13:53:30 - [TEST_STEP][PASSED] - localTime = formattedLocalTime: null

2023-06-14 13:53:30 - [TEST_STEP][PASSED] - formattedTransDateTime = formattedLocalDate + formattedLocalTime: null

2023-06-14 13:53:30 - [TEST_STEP][PASSED] - println("Trans Date Time: " + formattedTransDateTime): null

2023-06-14 13:53:30 - [TEST_STEP][PASSED] - transDateTime = formattedTransDateTime: null

2023-06-14 13:53:30 - [TEST_STEP][PASSED] - currentTime2 = ZonedDateTime.now(ZoneOffset.ofHours(7)): null

2023-06-14 13:53:30 - [TEST_STEP][PASSED] - formatter2 = DateTimeFormatter.ofPattern("MMdd"): null

2023-06-14 13:53:30 - [TEST_STEP][PASSED] - formattedSettlementDate = plusDays(1).format(formatter2): null

2023-06-14 13:53:30 - [TEST_STEP][PASSED] - println("SettlementDate: " + formattedSettlementDate): null

2023-06-14 13:53:30 - [TEST_STEP][PASSED] - settlementDate = formattedSettlementDate: null

2023-06-14 13:53:30 - [TEST_STEP][PASSED] - currentTime3 = ZonedDateTime.now(ZoneOffset.ofHours(7)): null

2023-06-14 13:53:30 - [TEST_STEP][PASSED] - formatter3 = DateTimeFormatter.ofPattern("yyMMddHHmmss"): null

2023-06-14 13:53:30 - [TEST_STEP][PASSED] - formattedReferenceNumber = currentTime3.format(formatter3): null

2023-06-14 13:53:30 - [TEST_STEP][PASSED] - println("Reference Number: " + formattedReferenceNumber): null

2023-06-14 13:53:30 - [TEST_STEP][PASSED] - referenceNumber = formattedReferenceNumber: null

2023-06-14 13:53:30 - [TEST_STEP][PASSED] - signatureResponse = sendRequest(findTestObject("Postman/emoney/opendenom Success/Saving/GET SIGNATURE SERVICE -  - emoney dana open denom payment")): Send request successfully

2023-06-14 13:53:30 - [MESSAGE][INFO] - HAR: C:\Users\ABISHAR\git\katalon\api-katalon\Reports\20230614_135255\GopayOpenDenomSuites\20230614_135255\requests\main\4.har

2023-06-14 13:53:30 - [MESSAGE][PASSED] - Send request successfully

2023-06-14 13:53:30 - [TEST_STEP][PASSED] - signature = getElementPropertyValue(signatureResponse, "signature"): null

2023-06-14 13:53:30 - [TEST_STEP][PASSED] - println("signature service is :" + signature): null

2023-06-14 13:53:30 - [TEST_STEP][PASSED] - SERVICE_SIGNATURE = signature: null

2023-06-14 13:53:30 - [TEST_STEP][PASSED] - danaPaymentResponse = sendRequest(findTestObject("Postman/emoney/opendenom Success/Saving/dana payment")): Send request successfully

2023-06-14 13:53:31 - [MESSAGE][INFO] - HAR: C:\Users\ABISHAR\git\katalon\api-katalon\Reports\20230614_135255\GopayOpenDenomSuites\20230614_135255\requests\main\5.har

2023-06-14 13:53:31 - [MESSAGE][PASSED] - Send request successfully

2023-06-14 13:53:31 - [TEST_STEP][PASSED] - RC = getElementPropertyValue(danaPaymentResponse, "responseCode"): null

2023-06-14 13:53:31 - [TEST_STEP][PASSED] - println("RC is : " + RC): null

2023-06-14 13:53:31 - [TEST_STEP][PASSED] - verifyResponseStatusCode(danaPaymentResponse, 200): Verify response status code successfully

2023-06-14 13:53:31 - [MESSAGE][PASSED] - Verify response status code successfully

2023-06-14 13:53:31 - [TEST_STEP][FAILED] - verifyElementPropertyValue(danaPaymentResponse, "responseCode", "68"): Unable to verify element property value (Root cause: com.kms.katalon.core.exception.StepFailedException: Expected element property value '68' is not equal with actual property value '13'
	at com.kms.katalon.core.keyword.internal.KeywordMain.stepFailed(KeywordMain.groovy:51)
	at com.kms.katalon.core.webservice.keyword.builtin.VerifyElementPropertyValueKeyword$_verifyElementPropertyValue_closure1.doCall(VerifyElementPropertyValueKeyword.groovy:56)
	at com.kms.katalon.core.webservice.keyword.builtin.VerifyElementPropertyValueKeyword$_verifyElementPropertyValue_closure1.call(VerifyElementPropertyValueKeyword.groovy)
	at com.kms.katalon.core.keyword.internal.KeywordMain.runKeyword(KeywordMain.groovy:75)
	at com.kms.katalon.core.webservice.keyword.builtin.VerifyElementPropertyValueKeyword.verifyElementPropertyValue(VerifyElementPropertyValueKeyword.groovy:48)
	at com.kms.katalon.core.webservice.keyword.builtin.VerifyElementPropertyValueKeyword.execute(VerifyElementPropertyValueKeyword.groovy:43)
	at com.kms.katalon.core.keyword.internal.KeywordExecutor.executeKeywordForPlatform(KeywordExecutor.groovy:74)
	at com.kms.katalon.core.webservice.keyword.WSBuiltInKeywords.verifyElementPropertyValue(WSBuiltInKeywords.groovy:190)
	at com.kms.katalon.core.webservice.keyword.WSBuiltInKeywords$verifyElementPropertyValue$2.call(Unknown Source)
	at PaymentGopayCase(Saving).run(PaymentGopayCase(Saving):105)
	at com.kms.katalon.core.main.ScriptEngine.run(ScriptEngine.java:194)
	at com.kms.katalon.core.main.ScriptEngine.runScriptAsRawText(ScriptEngine.java:119)
	at com.kms.katalon.core.main.TestCaseExecutor.runScript(TestCaseExecutor.java:448)
	at com.kms.katalon.core.main.TestCaseExecutor.doExecute(TestCaseExecutor.java:439)
	at com.kms.katalon.core.main.TestCaseExecutor.processExecutionPhase(TestCaseExecutor.java:418)
	at com.kms.katalon.core.main.TestCaseExecutor.accessMainPhase(TestCaseExecutor.java:410)
	at com.kms.katalon.core.main.TestCaseExecutor.execute(TestCaseExecutor.java:285)
	at com.kms.katalon.core.common.CommonExecutor.accessTestCaseMainPhase(CommonExecutor.java:65)
	at com.kms.katalon.core.main.TestSuiteExecutor.accessTestSuiteMainPhase(TestSuiteExecutor.java:148)
	at com.kms.katalon.core.main.TestSuiteExecutor.execute(TestSuiteExecutor.java:106)
	at com.kms.katalon.core.main.TestCaseMain.startTestSuite(TestCaseMain.java:187)
	at com.kms.katalon.core.main.TestCaseMain$startTestSuite$0.call(Unknown Source)
	at TempTestSuite1686725575908.run(TempTestSuite1686725575908.groovy:36)
)

2023-06-14 13:53:31 - [MESSAGE][FAILED] - Expected element property value '68' is not equal with actual property value '13'

2023-06-14 13:53:31 - [MESSAGE][FAILED] - Unable to verify element property value (Root cause: com.kms.katalon.core.exception.StepFailedException: Expected element property value '68' is not equal with actual property value '13'
	at com.kms.katalon.core.keyword.internal.KeywordMain.stepFailed(KeywordMain.groovy:51)
	at com.kms.katalon.core.webservice.keyword.builtin.VerifyElementPropertyValueKeyword$_verifyElementPropertyValue_closure1.doCall(VerifyElementPropertyValueKeyword.groovy:56)
	at com.kms.katalon.core.webservice.keyword.builtin.VerifyElementPropertyValueKeyword$_verifyElementPropertyValue_closure1.call(VerifyElementPropertyValueKeyword.groovy)
	at com.kms.katalon.core.keyword.internal.KeywordMain.runKeyword(KeywordMain.groovy:75)
	at com.kms.katalon.core.webservice.keyword.builtin.VerifyElementPropertyValueKeyword.verifyElementPropertyValue(VerifyElementPropertyValueKeyword.groovy:48)
	at com.kms.katalon.core.webservice.keyword.builtin.VerifyElementPropertyValueKeyword.execute(VerifyElementPropertyValueKeyword.groovy:43)
	at com.kms.katalon.core.keyword.internal.KeywordExecutor.executeKeywordForPlatform(KeywordExecutor.groovy:74)
	at com.kms.katalon.core.webservice.keyword.WSBuiltInKeywords.verifyElementPropertyValue(WSBuiltInKeywords.groovy:190)
	at com.kms.katalon.core.webservice.keyword.WSBuiltInKeywords$verifyElementPropertyValue$2.call(Unknown Source)
	at PaymentGopayCase(Saving).run(PaymentGopayCase(Saving):105)
	at com.kms.katalon.core.main.ScriptEngine.run(ScriptEngine.java:194)
	at com.kms.katalon.core.main.ScriptEngine.runScriptAsRawText(ScriptEngine.java:119)
	at com.kms.katalon.core.main.TestCaseExecutor.runScript(TestCaseExecutor.java:448)
	at com.kms.katalon.core.main.TestCaseExecutor.doExecute(TestCaseExecutor.java:439)
	at com.kms.katalon.core.main.TestCaseExecutor.processExecutionPhase(TestCaseExecutor.java:418)
	at com.kms.katalon.core.main.TestCaseExecutor.accessMainPhase(TestCaseExecutor.java:410)
	at com.kms.katalon.core.main.TestCaseExecutor.execute(TestCaseExecutor.java:285)
	at com.kms.katalon.core.common.CommonExecutor.accessTestCaseMainPhase(CommonExecutor.java:65)
	at com.kms.katalon.core.main.TestSuiteExecutor.accessTestSuiteMainPhase(TestSuiteExecutor.java:148)
	at com.kms.katalon.core.main.TestSuiteExecutor.execute(TestSuiteExecutor.java:106)
	at com.kms.katalon.core.main.TestCaseMain.startTestSuite(TestCaseMain.java:187)
	at com.kms.katalon.core.main.TestCaseMain$startTestSuite$0.call(Unknown Source)
	at TempTestSuite1686725575908.run(TempTestSuite1686725575908.groovy:36)
)]]></system-out>
         <system-err><![CDATA[2023-06-14 13:53:28 - [TEST_CASE][FAILED] - Test Cases/PaymentGopayCase(Saving): Test Cases/PaymentGopayCase(Saving) FAILED.
Reason:
com.kms.katalon.core.exception.StepFailedException: Expected element property value '68' is not equal with actual property value '13'
	at com.kms.katalon.core.keyword.internal.KeywordMain.stepFailed(KeywordMain.groovy:51)
	at com.kms.katalon.core.webservice.keyword.builtin.VerifyElementPropertyValueKeyword$_verifyElementPropertyValue_closure1.doCall(VerifyElementPropertyValueKeyword.groovy:56)
	at com.kms.katalon.core.webservice.keyword.builtin.VerifyElementPropertyValueKeyword$_verifyElementPropertyValue_closure1.call(VerifyElementPropertyValueKeyword.groovy)
	at com.kms.katalon.core.keyword.internal.KeywordMain.runKeyword(KeywordMain.groovy:75)
	at com.kms.katalon.core.webservice.keyword.builtin.VerifyElementPropertyValueKeyword.verifyElementPropertyValue(VerifyElementPropertyValueKeyword.groovy:48)
	at com.kms.katalon.core.webservice.keyword.builtin.VerifyElementPropertyValueKeyword.execute(VerifyElementPropertyValueKeyword.groovy:43)
	at com.kms.katalon.core.keyword.internal.KeywordExecutor.executeKeywordForPlatform(KeywordExecutor.groovy:74)
	at com.kms.katalon.core.webservice.keyword.WSBuiltInKeywords.verifyElementPropertyValue(WSBuiltInKeywords.groovy:190)
	at com.kms.katalon.core.webservice.keyword.WSBuiltInKeywords$verifyElementPropertyValue$2.call(Unknown Source)
	at PaymentGopayCase(Saving).run(PaymentGopayCase(Saving):105)
	at com.kms.katalon.core.main.ScriptEngine.run(ScriptEngine.java:194)
	at com.kms.katalon.core.main.ScriptEngine.runScriptAsRawText(ScriptEngine.java:119)
	at com.kms.katalon.core.main.TestCaseExecutor.runScript(TestCaseExecutor.java:448)
	at com.kms.katalon.core.main.TestCaseExecutor.doExecute(TestCaseExecutor.java:439)
	at com.kms.katalon.core.main.TestCaseExecutor.processExecutionPhase(TestCaseExecutor.java:418)
	at com.kms.katalon.core.main.TestCaseExecutor.accessMainPhase(TestCaseExecutor.java:410)
	at com.kms.katalon.core.main.TestCaseExecutor.execute(TestCaseExecutor.java:285)
	at com.kms.katalon.core.common.CommonExecutor.accessTestCaseMainPhase(CommonExecutor.java:65)
	at com.kms.katalon.core.main.TestSuiteExecutor.accessTestSuiteMainPhase(TestSuiteExecutor.java:148)
	at com.kms.katalon.core.main.TestSuiteExecutor.execute(TestSuiteExecutor.java:106)
	at com.kms.katalon.core.main.TestCaseMain.startTestSuite(TestCaseMain.java:187)
	at com.kms.katalon.core.main.TestCaseMain$startTestSuite$0.call(Unknown Source)
	at TempTestSuite1686725575908.run(TempTestSuite1686725575908.groovy:36)]]></system-err>
      </testcase>
      <testcase name="Test Cases/AdviceGopayCase(Saving)" time="4.906" classname="Test Cases/AdviceGopayCase(Saving)" status="PASSED">
         <system-out><![CDATA[2023-06-14 13:53:31 - [TEST_CASE][PASSED] - Test Cases/AdviceGopayCase(Saving): Test Cases/AdviceGopayCase(Saving)

2023-06-14 13:53:32 - [TEST_STEP][PASSED] - signatureResponse = sendRequest(findTestObject("Postman/Advice/GET SIGNATURE SERVICE - dana Advice Payment")): Send request successfully

2023-06-14 13:53:33 - [MESSAGE][INFO] - HAR: C:\Users\ABISHAR\git\katalon\api-katalon\Reports\20230614_135255\GopayOpenDenomSuites\20230614_135255\requests\main\6.har

2023-06-14 13:53:33 - [MESSAGE][PASSED] - Send request successfully

2023-06-14 13:53:33 - [TEST_STEP][PASSED] - signature = getElementPropertyValue(signatureResponse, "signature"): null

2023-06-14 13:53:33 - [TEST_STEP][PASSED] - println("signature service is :" + signature): null

2023-06-14 13:53:33 - [TEST_STEP][PASSED] - SERVICE_SIGNATURE = signature: null

2023-06-14 13:53:33 - [TEST_STEP][PASSED] - danaAdviceResponse = sendRequest(findTestObject("Postman/Advice/dana Payment Advice")): Send request successfully

2023-06-14 13:53:36 - [MESSAGE][INFO] - HAR: C:\Users\ABISHAR\git\katalon\api-katalon\Reports\20230614_135255\GopayOpenDenomSuites\20230614_135255\requests\main\7.har

2023-06-14 13:53:36 - [MESSAGE][PASSED] - Send request successfully

2023-06-14 13:53:36 - [TEST_STEP][PASSED] - RC = getElementPropertyValue(danaAdviceResponse, "responseCode"): null

2023-06-14 13:53:36 - [TEST_STEP][PASSED] - println("RC is : " + RC): null

2023-06-14 13:53:36 - [TEST_STEP][PASSED] - verifyResponseStatusCode(danaAdviceResponse, 200): Verify response status code successfully

2023-06-14 13:53:36 - [MESSAGE][PASSED] - Verify response status code successfully]]></system-out>
         <system-err><![CDATA[]]></system-err>
      </testcase>
      <system-out><![CDATA[2023-06-14 13:53:10 - [TEST_SUITE][FAILED] - GopayOpenDenomSuites: Test Cases/PaymentGopayCase(Saving) FAILED.
Reason:
com.kms.katalon.core.exception.StepFailedException: Expected element property value '68' is not equal with actual property value '13'
	at com.kms.katalon.core.keyword.internal.KeywordMain.stepFailed(KeywordMain.groovy:51)
	at com.kms.katalon.core.webservice.keyword.builtin.VerifyElementPropertyValueKeyword$_verifyElementPropertyValue_closure1.doCall(VerifyElementPropertyValueKeyword.groovy:56)
	at com.kms.katalon.core.webservice.keyword.builtin.VerifyElementPropertyValueKeyword$_verifyElementPropertyValue_closure1.call(VerifyElementPropertyValueKeyword.groovy)
	at com.kms.katalon.core.keyword.internal.KeywordMain.runKeyword(KeywordMain.groovy:75)
	at com.kms.katalon.core.webservice.keyword.builtin.VerifyElementPropertyValueKeyword.verifyElementPropertyValue(VerifyElementPropertyValueKeyword.groovy:48)
	at com.kms.katalon.core.webservice.keyword.builtin.VerifyElementPropertyValueKeyword.execute(VerifyElementPropertyValueKeyword.groovy:43)
	at com.kms.katalon.core.keyword.internal.KeywordExecutor.executeKeywordForPlatform(KeywordExecutor.groovy:74)
	at com.kms.katalon.core.webservice.keyword.WSBuiltInKeywords.verifyElementPropertyValue(WSBuiltInKeywords.groovy:190)
	at com.kms.katalon.core.webservice.keyword.WSBuiltInKeywords$verifyElementPropertyValue$2.call(Unknown Source)
	at PaymentGopayCase(Saving).run(PaymentGopayCase(Saving):105)
	at com.kms.katalon.core.main.ScriptEngine.run(ScriptEngine.java:194)
	at com.kms.katalon.core.main.ScriptEngine.runScriptAsRawText(ScriptEngine.java:119)
	at com.kms.katalon.core.main.TestCaseExecutor.runScript(TestCaseExecutor.java:448)
	at com.kms.katalon.core.main.TestCaseExecutor.doExecute(TestCaseExecutor.java:439)
	at com.kms.katalon.core.main.TestCaseExecutor.processExecutionPhase(TestCaseExecutor.java:418)
	at com.kms.katalon.core.main.TestCaseExecutor.accessMainPhase(TestCaseExecutor.java:410)
	at com.kms.katalon.core.main.TestCaseExecutor.execute(TestCaseExecutor.java:285)
	at com.kms.katalon.core.common.CommonExecutor.accessTestCaseMainPhase(CommonExecutor.java:65)
	at com.kms.katalon.core.main.TestSuiteExecutor.accessTestSuiteMainPhase(TestSuiteExecutor.java:148)
	at com.kms.katalon.core.main.TestSuiteExecutor.execute(TestSuiteExecutor.java:106)
	at com.kms.katalon.core.main.TestCaseMain.startTestSuite(TestCaseMain.java:187)
	at com.kms.katalon.core.main.TestCaseMain$startTestSuite$0.call(Unknown Source)
	at TempTestSuite1686725575908.run(TempTestSuite1686725575908.groovy:36)]]></system-out>
      <system-err><![CDATA[2023-06-14 13:53:10 - [TEST_SUITE][FAILED] - GopayOpenDenomSuites: Test Cases/PaymentGopayCase(Saving) FAILED.
Reason:
com.kms.katalon.core.exception.StepFailedException: Expected element property value '68' is not equal with actual property value '13'
	at com.kms.katalon.core.keyword.internal.KeywordMain.stepFailed(KeywordMain.groovy:51)
	at com.kms.katalon.core.webservice.keyword.builtin.VerifyElementPropertyValueKeyword$_verifyElementPropertyValue_closure1.doCall(VerifyElementPropertyValueKeyword.groovy:56)
	at com.kms.katalon.core.webservice.keyword.builtin.VerifyElementPropertyValueKeyword$_verifyElementPropertyValue_closure1.call(VerifyElementPropertyValueKeyword.groovy)
	at com.kms.katalon.core.keyword.internal.KeywordMain.runKeyword(KeywordMain.groovy:75)
	at com.kms.katalon.core.webservice.keyword.builtin.VerifyElementPropertyValueKeyword.verifyElementPropertyValue(VerifyElementPropertyValueKeyword.groovy:48)
	at com.kms.katalon.core.webservice.keyword.builtin.VerifyElementPropertyValueKeyword.execute(VerifyElementPropertyValueKeyword.groovy:43)
	at com.kms.katalon.core.keyword.internal.KeywordExecutor.executeKeywordForPlatform(KeywordExecutor.groovy:74)
	at com.kms.katalon.core.webservice.keyword.WSBuiltInKeywords.verifyElementPropertyValue(WSBuiltInKeywords.groovy:190)
	at com.kms.katalon.core.webservice.keyword.WSBuiltInKeywords$verifyElementPropertyValue$2.call(Unknown Source)
	at PaymentGopayCase(Saving).run(PaymentGopayCase(Saving):105)
	at com.kms.katalon.core.main.ScriptEngine.run(ScriptEngine.java:194)
	at com.kms.katalon.core.main.ScriptEngine.runScriptAsRawText(ScriptEngine.java:119)
	at com.kms.katalon.core.main.TestCaseExecutor.runScript(TestCaseExecutor.java:448)
	at com.kms.katalon.core.main.TestCaseExecutor.doExecute(TestCaseExecutor.java:439)
	at com.kms.katalon.core.main.TestCaseExecutor.processExecutionPhase(TestCaseExecutor.java:418)
	at com.kms.katalon.core.main.TestCaseExecutor.accessMainPhase(TestCaseExecutor.java:410)
	at com.kms.katalon.core.main.TestCaseExecutor.execute(TestCaseExecutor.java:285)
	at com.kms.katalon.core.common.CommonExecutor.accessTestCaseMainPhase(CommonExecutor.java:65)
	at com.kms.katalon.core.main.TestSuiteExecutor.accessTestSuiteMainPhase(TestSuiteExecutor.java:148)
	at com.kms.katalon.core.main.TestSuiteExecutor.execute(TestSuiteExecutor.java:106)
	at com.kms.katalon.core.main.TestCaseMain.startTestSuite(TestCaseMain.java:187)
	at com.kms.katalon.core.main.TestCaseMain$startTestSuite$0.call(Unknown Source)
	at TempTestSuite1686725575908.run(TempTestSuite1686725575908.groovy:36)]]></system-err>
   </testsuite>
</testsuites>
