<?xml version="1.0" encoding="UTF-8"?>
<testsuites name="ShopeePayOpenDenomSuites" time="22.624" tests="4" failures="2" errors="0">
   <testsuite name="ShopeePayOpenDenomSuites" tests="4" failures="2" errors="0" time="22.624" skipped="0" timestamp="2023-06-14 14:17:41" hostname="ABISHAR - Lenovo" id="Test Suites/ShopeePayOpenDenomSuites">
      <properties>
         <property name="deviceName" value=""/>
         <property name="devicePlatform" value=""/>
         <property name="logFolder" value="C:\\Users\\ABISHAR\\git\\katalon\\api-katalon\\Reports\\20230614_141726\\ShopeePayOpenDenomSuites\\20230614_141726"/>
         <property name="logFiles" value="C:\\Users\\ABISHAR\\git\\katalon\\api-katalon\\Reports\\20230614_141726\\ShopeePayOpenDenomSuites\\20230614_141726\\execution0.log"/>
         <property name="attachments" value=""/>
         <property name="hostName" value="ABISHAR - Lenovo"/>
         <property name="hostAddress" value="10.131.0.39"/>
         <property name="os" value="Windows 10 64bit"/>
         <property name="katalonVersion" value="8.6.5.208"/>
      </properties>
      <testcase name="Test Cases/GetTokenCase" time="10.617" classname="Test Cases/GetTokenCase" status="PASSED">
         <system-out><![CDATA[2023-06-14 14:17:42 - [TEST_CASE][PASSED] - Test Cases/GetTokenCase: Test Cases/GetTokenCase

2023-06-14 14:17:44 - [TEST_STEP][PASSED] - currentTime = ZonedDateTime.now(ZoneOffset.ofHours(7)): null

2023-06-14 14:17:44 - [TEST_STEP][PASSED] - formatter = DateTimeFormatter.ofPattern("yyyy-MM-dd'T'HH:mm:ssxxx"): null

2023-06-14 14:17:44 - [TEST_STEP][PASSED] - formattedTimestamp = currentTime.format(formatter): null

2023-06-14 14:17:44 - [TEST_STEP][PASSED] - println("Timestamp: " + formattedTimestamp): null

2023-06-14 14:17:44 - [TEST_STEP][PASSED] - TIMESTAMP = formattedTimestamp: null

2023-06-14 14:17:45 - [TEST_STEP][PASSED] - signatureResponse = sendRequest(findTestObject("Postman/auth/GET SIGNATURE")): Send request successfully

2023-06-14 14:17:50 - [MESSAGE][INFO] - HAR: C:\Users\ABISHAR\git\katalon\api-katalon\Reports\20230614_141726\ShopeePayOpenDenomSuites\20230614_141726\requests\main\0.har

2023-06-14 14:17:50 - [MESSAGE][PASSED] - Send request successfully

2023-06-14 14:17:50 - [TEST_STEP][PASSED] - signature = getElementPropertyValue(signatureResponse, "signature"): null

2023-06-14 14:17:50 - [TEST_STEP][PASSED] - println("signature is :" + signature): null

2023-06-14 14:17:50 - [TEST_STEP][PASSED] - AUTH_SIGNATURE = signature: null

2023-06-14 14:17:50 - [TEST_STEP][PASSED] - tokenResponse = sendRequest(findTestObject("Postman/auth/GET TOKEN", ["TIMESTAMP1":TIMESTAMP, "AUTH_SIGNATURE1":AUTH_SIGNATURE])): Send request successfully

2023-06-14 14:17:53 - [MESSAGE][INFO] - HAR: C:\Users\ABISHAR\git\katalon\api-katalon\Reports\20230614_141726\ShopeePayOpenDenomSuites\20230614_141726\requests\main\1.har

2023-06-14 14:17:53 - [MESSAGE][PASSED] - Send request successfully

2023-06-14 14:17:53 - [TEST_STEP][PASSED] - verifyResponseStatusCode(tokenResponse, 200): Verify response status code successfully

2023-06-14 14:17:53 - [MESSAGE][PASSED] - Verify response status code successfully

2023-06-14 14:17:53 - [TEST_STEP][PASSED] - token = getElementPropertyValue(tokenResponse, "accessToken"): null

2023-06-14 14:17:53 - [TEST_STEP][PASSED] - println("Token is : " + token): null

2023-06-14 14:17:53 - [TEST_STEP][PASSED] - TOKEN = token: null]]></system-out>
         <system-err><![CDATA[]]></system-err>
      </testcase>
      <testcase name="Test Cases/InquiryShopeePayCase(Saving)" time="5.111" classname="Test Cases/InquiryShopeePayCase(Saving)" status="PASSED">
         <system-out><![CDATA[2023-06-14 14:17:53 - [TEST_CASE][PASSED] - Test Cases/InquiryShopeePayCase(Saving): Test Cases/InquiryShopeePayCase(Saving)

2023-06-14 14:17:54 - [TEST_STEP][PASSED] - currentTime = ZonedDateTime.now(ZoneOffset.ofHours(7)): null

2023-06-14 14:17:54 - [TEST_STEP][PASSED] - formatter = DateTimeFormatter.ofPattern("MMdd"): null

2023-06-14 14:17:54 - [TEST_STEP][PASSED] - formattedLocalDate = currentTime.format(formatter): null

2023-06-14 14:17:54 - [TEST_STEP][PASSED] - println("Local Date: " + formattedLocalDate): null

2023-06-14 14:17:54 - [TEST_STEP][PASSED] - localDate = formattedLocalDate: null

2023-06-14 14:17:54 - [TEST_STEP][PASSED] - currentTime1 = ZonedDateTime.now(ZoneOffset.ofHours(7)): null

2023-06-14 14:17:54 - [TEST_STEP][PASSED] - formatter1 = DateTimeFormatter.ofPattern("HHmmss"): null

2023-06-14 14:17:54 - [TEST_STEP][PASSED] - formattedLocalTime = currentTime1.format(formatter1): null

2023-06-14 14:17:54 - [TEST_STEP][PASSED] - println("Local Time: " + formattedLocalTime): null

2023-06-14 14:17:54 - [TEST_STEP][PASSED] - localTime = formattedLocalTime: null

2023-06-14 14:17:54 - [TEST_STEP][PASSED] - formattedTransDateTime = formattedLocalDate + formattedLocalTime: null

2023-06-14 14:17:54 - [TEST_STEP][PASSED] - println("Trans Date Time: " + formattedTransDateTime): null

2023-06-14 14:17:54 - [TEST_STEP][PASSED] - transDateTime = formattedTransDateTime: null

2023-06-14 14:17:54 - [TEST_STEP][PASSED] - currentTime2 = ZonedDateTime.now(ZoneOffset.ofHours(7)): null

2023-06-14 14:17:54 - [TEST_STEP][PASSED] - formatter2 = DateTimeFormatter.ofPattern("MMdd"): null

2023-06-14 14:17:54 - [TEST_STEP][PASSED] - formattedSettlementDate = plusDays(1).format(formatter2): null

2023-06-14 14:17:54 - [TEST_STEP][PASSED] - println("SettlementDate: " + formattedSettlementDate): null

2023-06-14 14:17:54 - [TEST_STEP][PASSED] - settlementDate = formattedSettlementDate: null

2023-06-14 14:17:54 - [TEST_STEP][PASSED] - currentTime3 = ZonedDateTime.now(ZoneOffset.ofHours(7)): null

2023-06-14 14:17:54 - [TEST_STEP][PASSED] - formatter3 = DateTimeFormatter.ofPattern("yyMMddHHmmss"): null

2023-06-14 14:17:54 - [TEST_STEP][PASSED] - formattedReferenceNumber = currentTime3.format(formatter3): null

2023-06-14 14:17:54 - [TEST_STEP][PASSED] - println("Reference Number: " + formattedReferenceNumber): null

2023-06-14 14:17:54 - [TEST_STEP][PASSED] - referenceNumber = formattedReferenceNumber: null

2023-06-14 14:17:54 - [TEST_STEP][PASSED] - signatureResponse = sendRequest(findTestObject("Postman/emoney/opendenom Success/Saving/GET SIGNATURE SERVICE -  emoney shopeepay open denom inquiry")): Send request successfully

2023-06-14 14:17:55 - [MESSAGE][INFO] - HAR: C:\Users\ABISHAR\git\katalon\api-katalon\Reports\20230614_141726\ShopeePayOpenDenomSuites\20230614_141726\requests\main\2.har

2023-06-14 14:17:55 - [MESSAGE][PASSED] - Send request successfully

2023-06-14 14:17:55 - [TEST_STEP][PASSED] - signature = getElementPropertyValue(signatureResponse, "signature"): null

2023-06-14 14:17:55 - [TEST_STEP][PASSED] - println("signature service is :" + signature): null

2023-06-14 14:17:55 - [TEST_STEP][PASSED] - SERVICE_SIGNATURE = signature: null

2023-06-14 14:17:55 - [TEST_STEP][PASSED] - danaInquiryResponse = sendRequest(findTestObject("Postman/emoney/opendenom Success/Saving/shopeepay inquiry")): Send request successfully

2023-06-14 14:17:58 - [MESSAGE][INFO] - HAR: C:\Users\ABISHAR\git\katalon\api-katalon\Reports\20230614_141726\ShopeePayOpenDenomSuites\20230614_141726\requests\main\3.har

2023-06-14 14:17:58 - [MESSAGE][PASSED] - Send request successfully

2023-06-14 14:17:58 - [TEST_STEP][PASSED] - RC = getElementPropertyValue(danaInquiryResponse, "responseCode"): null

2023-06-14 14:17:58 - [TEST_STEP][PASSED] - println("RC is : " + RC): null

2023-06-14 14:17:58 - [TEST_STEP][PASSED] - transactionData = getElementPropertyValue(danaInquiryResponse, "transactionData"): null

2023-06-14 14:17:58 - [TEST_STEP][PASSED] - transactionData = transactionData: null

2023-06-14 14:17:58 - [TEST_STEP][PASSED] - println("transaction data is : " + transactionData): null

2023-06-14 14:17:58 - [TEST_STEP][PASSED] - nationalPmtData = getElementPropertyValue(danaInquiryResponse, "nationalPmtData"): null

2023-06-14 14:17:58 - [TEST_STEP][PASSED] - nationalPmtData1 = nationalPmtData: null

2023-06-14 14:17:58 - [TEST_STEP][PASSED] - replacedNationalPmtData = nationalPmtData1.replaceAll(""", "\\""): null

2023-06-14 14:17:58 - [TEST_STEP][PASSED] - nationalPmtData = replacedNationalPmtData: null

2023-06-14 14:17:58 - [TEST_STEP][PASSED] - println("National Payment Data is : " + replacedNationalPmtData): null

2023-06-14 14:17:58 - [TEST_STEP][PASSED] - verifyResponseStatusCode(danaInquiryResponse, 200): Verify response status code successfully

2023-06-14 14:17:58 - [MESSAGE][PASSED] - Verify response status code successfully]]></system-out>
         <system-err><![CDATA[]]></system-err>
      </testcase>
      <testcase name="Test Cases/PaymentShopeePayCase(Saving)" time="2.903" classname="Test Cases/PaymentShopeePayCase(Saving)" status="FAILED">
         <failure type="FAILED" message="Test Cases/PaymentShopeePayCase(Saving) FAILED.
Reason:
com.kms.katalon.core.exception.StepFailedException: Expected element property value '00' is not equal with actual property value '13'
	at com.kms.katalon.core.keyword.internal.KeywordMain.stepFailed(KeywordMain.groovy:51)
	at com.kms.katalon.core.webservice.keyword.builtin.VerifyElementPropertyValueKeyword$_verifyElementPropertyValue_closure1.doCall(VerifyElementPropertyValueKeyword.groovy:56)
	at com.kms.katalon.core.webservice.keyword.builtin.VerifyElementPropertyValueKeyword$_verifyElementPropertyValue_closure1.call(VerifyElementPropertyValueKeyword.groovy)
	at com.kms.katalon.core.keyword.internal.KeywordMain.runKeyword(KeywordMain.groovy:75)
	at com.kms.katalon.core.webservice.keyword.builtin.VerifyElementPropertyValueKeyword.verifyElementPropertyValue(VerifyElementPropertyValueKeyword.groovy:48)
	at com.kms.katalon.core.webservice.keyword.builtin.VerifyElementPropertyValueKeyword.execute(VerifyElementPropertyValueKeyword.groovy:43)
	at com.kms.katalon.core.keyword.internal.KeywordExecutor.executeKeywordForPlatform(KeywordExecutor.groovy:74)
	at com.kms.katalon.core.webservice.keyword.WSBuiltInKeywords.verifyElementPropertyValue(WSBuiltInKeywords.groovy:190)
	at com.kms.katalon.core.webservice.keyword.WSBuiltInKeywords$verifyElementPropertyValue$2.call(Unknown Source)
	at PaymentShopeePayCase(Saving).run(PaymentShopeePayCase(Saving):106)
	at com.kms.katalon.core.main.ScriptEngine.run(ScriptEngine.java:194)
	at com.kms.katalon.core.main.ScriptEngine.runScriptAsRawText(ScriptEngine.java:119)
	at com.kms.katalon.core.main.TestCaseExecutor.runScript(TestCaseExecutor.java:448)
	at com.kms.katalon.core.main.TestCaseExecutor.doExecute(TestCaseExecutor.java:439)
	at com.kms.katalon.core.main.TestCaseExecutor.processExecutionPhase(TestCaseExecutor.java:418)
	at com.kms.katalon.core.main.TestCaseExecutor.accessMainPhase(TestCaseExecutor.java:410)
	at com.kms.katalon.core.main.TestCaseExecutor.execute(TestCaseExecutor.java:285)
	at com.kms.katalon.core.common.CommonExecutor.accessTestCaseMainPhase(CommonExecutor.java:65)
	at com.kms.katalon.core.main.TestSuiteExecutor.accessTestSuiteMainPhase(TestSuiteExecutor.java:148)
	at com.kms.katalon.core.main.TestSuiteExecutor.execute(TestSuiteExecutor.java:106)
	at com.kms.katalon.core.main.TestCaseMain.startTestSuite(TestCaseMain.java:187)
	at com.kms.katalon.core.main.TestCaseMain$startTestSuite$0.call(Unknown Source)
	at TempTestSuite1686727046535.run(TempTestSuite1686727046535.groovy:36)
"/>
         <system-out><![CDATA[2023-06-14 14:17:58 - [TEST_CASE][FAILED] - Test Cases/PaymentShopeePayCase(Saving): Test Cases/PaymentShopeePayCase(Saving) FAILED.
Reason:
com.kms.katalon.core.exception.StepFailedException: Expected element property value '00' is not equal with actual property value '13'
	at com.kms.katalon.core.keyword.internal.KeywordMain.stepFailed(KeywordMain.groovy:51)
	at com.kms.katalon.core.webservice.keyword.builtin.VerifyElementPropertyValueKeyword$_verifyElementPropertyValue_closure1.doCall(VerifyElementPropertyValueKeyword.groovy:56)
	at com.kms.katalon.core.webservice.keyword.builtin.VerifyElementPropertyValueKeyword$_verifyElementPropertyValue_closure1.call(VerifyElementPropertyValueKeyword.groovy)
	at com.kms.katalon.core.keyword.internal.KeywordMain.runKeyword(KeywordMain.groovy:75)
	at com.kms.katalon.core.webservice.keyword.builtin.VerifyElementPropertyValueKeyword.verifyElementPropertyValue(VerifyElementPropertyValueKeyword.groovy:48)
	at com.kms.katalon.core.webservice.keyword.builtin.VerifyElementPropertyValueKeyword.execute(VerifyElementPropertyValueKeyword.groovy:43)
	at com.kms.katalon.core.keyword.internal.KeywordExecutor.executeKeywordForPlatform(KeywordExecutor.groovy:74)
	at com.kms.katalon.core.webservice.keyword.WSBuiltInKeywords.verifyElementPropertyValue(WSBuiltInKeywords.groovy:190)
	at com.kms.katalon.core.webservice.keyword.WSBuiltInKeywords$verifyElementPropertyValue$2.call(Unknown Source)
	at PaymentShopeePayCase(Saving).run(PaymentShopeePayCase(Saving):106)
	at com.kms.katalon.core.main.ScriptEngine.run(ScriptEngine.java:194)
	at com.kms.katalon.core.main.ScriptEngine.runScriptAsRawText(ScriptEngine.java:119)
	at com.kms.katalon.core.main.TestCaseExecutor.runScript(TestCaseExecutor.java:448)
	at com.kms.katalon.core.main.TestCaseExecutor.doExecute(TestCaseExecutor.java:439)
	at com.kms.katalon.core.main.TestCaseExecutor.processExecutionPhase(TestCaseExecutor.java:418)
	at com.kms.katalon.core.main.TestCaseExecutor.accessMainPhase(TestCaseExecutor.java:410)
	at com.kms.katalon.core.main.TestCaseExecutor.execute(TestCaseExecutor.java:285)
	at com.kms.katalon.core.common.CommonExecutor.accessTestCaseMainPhase(CommonExecutor.java:65)
	at com.kms.katalon.core.main.TestSuiteExecutor.accessTestSuiteMainPhase(TestSuiteExecutor.java:148)
	at com.kms.katalon.core.main.TestSuiteExecutor.execute(TestSuiteExecutor.java:106)
	at com.kms.katalon.core.main.TestCaseMain.startTestSuite(TestCaseMain.java:187)
	at com.kms.katalon.core.main.TestCaseMain$startTestSuite$0.call(Unknown Source)
	at TempTestSuite1686727046535.run(TempTestSuite1686727046535.groovy:36)


2023-06-14 14:17:59 - [TEST_STEP][PASSED] - currentTime = ZonedDateTime.now(ZoneOffset.ofHours(7)): null

2023-06-14 14:17:59 - [TEST_STEP][PASSED] - formatter = DateTimeFormatter.ofPattern("MMdd"): null

2023-06-14 14:17:59 - [TEST_STEP][PASSED] - formattedLocalDate = currentTime.format(formatter): null

2023-06-14 14:17:59 - [TEST_STEP][PASSED] - println("Local Date: " + formattedLocalDate): null

2023-06-14 14:17:59 - [TEST_STEP][PASSED] - localDate = formattedLocalDate: null

2023-06-14 14:17:59 - [TEST_STEP][PASSED] - currentTime1 = ZonedDateTime.now(ZoneOffset.ofHours(7)): null

2023-06-14 14:17:59 - [TEST_STEP][PASSED] - formatter1 = DateTimeFormatter.ofPattern("HHmmss"): null

2023-06-14 14:17:59 - [TEST_STEP][PASSED] - formattedLocalTime = currentTime1.format(formatter1): null

2023-06-14 14:17:59 - [TEST_STEP][PASSED] - println("Local Time: " + formattedLocalTime): null

2023-06-14 14:17:59 - [TEST_STEP][PASSED] - localTime = formattedLocalTime: null

2023-06-14 14:17:59 - [TEST_STEP][PASSED] - formattedTransDateTime = formattedLocalDate + formattedLocalTime: null

2023-06-14 14:17:59 - [TEST_STEP][PASSED] - println("Trans Date Time: " + formattedTransDateTime): null

2023-06-14 14:17:59 - [TEST_STEP][PASSED] - transDateTime = formattedTransDateTime: null

2023-06-14 14:17:59 - [TEST_STEP][PASSED] - currentTime2 = ZonedDateTime.now(ZoneOffset.ofHours(7)): null

2023-06-14 14:17:59 - [TEST_STEP][PASSED] - formatter2 = DateTimeFormatter.ofPattern("MMdd"): null

2023-06-14 14:17:59 - [TEST_STEP][PASSED] - formattedSettlementDate = plusDays(1).format(formatter2): null

2023-06-14 14:17:59 - [TEST_STEP][PASSED] - println("SettlementDate: " + formattedSettlementDate): null

2023-06-14 14:17:59 - [TEST_STEP][PASSED] - settlementDate = formattedSettlementDate: null

2023-06-14 14:17:59 - [TEST_STEP][PASSED] - currentTime3 = ZonedDateTime.now(ZoneOffset.ofHours(7)): null

2023-06-14 14:17:59 - [TEST_STEP][PASSED] - formatter3 = DateTimeFormatter.ofPattern("yyMMddHHmmss"): null

2023-06-14 14:17:59 - [TEST_STEP][PASSED] - formattedReferenceNumber = currentTime3.format(formatter3): null

2023-06-14 14:17:59 - [TEST_STEP][PASSED] - println("Reference Number: " + formattedReferenceNumber): null

2023-06-14 14:17:59 - [TEST_STEP][PASSED] - referenceNumber = formattedReferenceNumber: null

2023-06-14 14:17:59 - [TEST_STEP][PASSED] - signatureResponse = sendRequest(findTestObject("Postman/emoney/opendenom Success/Saving/GET SIGNATURE SERVICE -  - emoney shopeepay open denom payment")): Send request successfully

2023-06-14 14:18:00 - [MESSAGE][INFO] - HAR: C:\Users\ABISHAR\git\katalon\api-katalon\Reports\20230614_141726\ShopeePayOpenDenomSuites\20230614_141726\requests\main\4.har

2023-06-14 14:18:00 - [MESSAGE][PASSED] - Send request successfully

2023-06-14 14:18:00 - [TEST_STEP][PASSED] - signature = getElementPropertyValue(signatureResponse, "signature"): null

2023-06-14 14:18:00 - [TEST_STEP][PASSED] - println("signature service is :" + signature): null

2023-06-14 14:18:00 - [TEST_STEP][PASSED] - SERVICE_SIGNATURE = signature: null

2023-06-14 14:18:00 - [TEST_STEP][PASSED] - danaPaymentResponse = sendRequest(findTestObject("Postman/emoney/opendenom Success/Saving/shopeepay payment")): Send request successfully

2023-06-14 14:18:01 - [MESSAGE][INFO] - HAR: C:\Users\ABISHAR\git\katalon\api-katalon\Reports\20230614_141726\ShopeePayOpenDenomSuites\20230614_141726\requests\main\5.har

2023-06-14 14:18:01 - [MESSAGE][PASSED] - Send request successfully

2023-06-14 14:18:01 - [TEST_STEP][PASSED] - RC = getElementPropertyValue(danaPaymentResponse, "responseCode"): null

2023-06-14 14:18:01 - [TEST_STEP][PASSED] - println("RC is : " + RC): null

2023-06-14 14:18:01 - [TEST_STEP][PASSED] - verifyResponseStatusCode(danaPaymentResponse, 200): Verify response status code successfully

2023-06-14 14:18:01 - [MESSAGE][PASSED] - Verify response status code successfully

2023-06-14 14:18:01 - [TEST_STEP][FAILED] - verifyElementPropertyValue(danaPaymentResponse, "responseCode", "00"): Unable to verify element property value (Root cause: com.kms.katalon.core.exception.StepFailedException: Expected element property value '00' is not equal with actual property value '13'
	at com.kms.katalon.core.keyword.internal.KeywordMain.stepFailed(KeywordMain.groovy:51)
	at com.kms.katalon.core.webservice.keyword.builtin.VerifyElementPropertyValueKeyword$_verifyElementPropertyValue_closure1.doCall(VerifyElementPropertyValueKeyword.groovy:56)
	at com.kms.katalon.core.webservice.keyword.builtin.VerifyElementPropertyValueKeyword$_verifyElementPropertyValue_closure1.call(VerifyElementPropertyValueKeyword.groovy)
	at com.kms.katalon.core.keyword.internal.KeywordMain.runKeyword(KeywordMain.groovy:75)
	at com.kms.katalon.core.webservice.keyword.builtin.VerifyElementPropertyValueKeyword.verifyElementPropertyValue(VerifyElementPropertyValueKeyword.groovy:48)
	at com.kms.katalon.core.webservice.keyword.builtin.VerifyElementPropertyValueKeyword.execute(VerifyElementPropertyValueKeyword.groovy:43)
	at com.kms.katalon.core.keyword.internal.KeywordExecutor.executeKeywordForPlatform(KeywordExecutor.groovy:74)
	at com.kms.katalon.core.webservice.keyword.WSBuiltInKeywords.verifyElementPropertyValue(WSBuiltInKeywords.groovy:190)
	at com.kms.katalon.core.webservice.keyword.WSBuiltInKeywords$verifyElementPropertyValue$2.call(Unknown Source)
	at PaymentShopeePayCase(Saving).run(PaymentShopeePayCase(Saving):106)
	at com.kms.katalon.core.main.ScriptEngine.run(ScriptEngine.java:194)
	at com.kms.katalon.core.main.ScriptEngine.runScriptAsRawText(ScriptEngine.java:119)
	at com.kms.katalon.core.main.TestCaseExecutor.runScript(TestCaseExecutor.java:448)
	at com.kms.katalon.core.main.TestCaseExecutor.doExecute(TestCaseExecutor.java:439)
	at com.kms.katalon.core.main.TestCaseExecutor.processExecutionPhase(TestCaseExecutor.java:418)
	at com.kms.katalon.core.main.TestCaseExecutor.accessMainPhase(TestCaseExecutor.java:410)
	at com.kms.katalon.core.main.TestCaseExecutor.execute(TestCaseExecutor.java:285)
	at com.kms.katalon.core.common.CommonExecutor.accessTestCaseMainPhase(CommonExecutor.java:65)
	at com.kms.katalon.core.main.TestSuiteExecutor.accessTestSuiteMainPhase(TestSuiteExecutor.java:148)
	at com.kms.katalon.core.main.TestSuiteExecutor.execute(TestSuiteExecutor.java:106)
	at com.kms.katalon.core.main.TestCaseMain.startTestSuite(TestCaseMain.java:187)
	at com.kms.katalon.core.main.TestCaseMain$startTestSuite$0.call(Unknown Source)
	at TempTestSuite1686727046535.run(TempTestSuite1686727046535.groovy:36)
)

2023-06-14 14:18:01 - [MESSAGE][FAILED] - Expected element property value '00' is not equal with actual property value '13'

2023-06-14 14:18:01 - [MESSAGE][FAILED] - Unable to verify element property value (Root cause: com.kms.katalon.core.exception.StepFailedException: Expected element property value '00' is not equal with actual property value '13'
	at com.kms.katalon.core.keyword.internal.KeywordMain.stepFailed(KeywordMain.groovy:51)
	at com.kms.katalon.core.webservice.keyword.builtin.VerifyElementPropertyValueKeyword$_verifyElementPropertyValue_closure1.doCall(VerifyElementPropertyValueKeyword.groovy:56)
	at com.kms.katalon.core.webservice.keyword.builtin.VerifyElementPropertyValueKeyword$_verifyElementPropertyValue_closure1.call(VerifyElementPropertyValueKeyword.groovy)
	at com.kms.katalon.core.keyword.internal.KeywordMain.runKeyword(KeywordMain.groovy:75)
	at com.kms.katalon.core.webservice.keyword.builtin.VerifyElementPropertyValueKeyword.verifyElementPropertyValue(VerifyElementPropertyValueKeyword.groovy:48)
	at com.kms.katalon.core.webservice.keyword.builtin.VerifyElementPropertyValueKeyword.execute(VerifyElementPropertyValueKeyword.groovy:43)
	at com.kms.katalon.core.keyword.internal.KeywordExecutor.executeKeywordForPlatform(KeywordExecutor.groovy:74)
	at com.kms.katalon.core.webservice.keyword.WSBuiltInKeywords.verifyElementPropertyValue(WSBuiltInKeywords.groovy:190)
	at com.kms.katalon.core.webservice.keyword.WSBuiltInKeywords$verifyElementPropertyValue$2.call(Unknown Source)
	at PaymentShopeePayCase(Saving).run(PaymentShopeePayCase(Saving):106)
	at com.kms.katalon.core.main.ScriptEngine.run(ScriptEngine.java:194)
	at com.kms.katalon.core.main.ScriptEngine.runScriptAsRawText(ScriptEngine.java:119)
	at com.kms.katalon.core.main.TestCaseExecutor.runScript(TestCaseExecutor.java:448)
	at com.kms.katalon.core.main.TestCaseExecutor.doExecute(TestCaseExecutor.java:439)
	at com.kms.katalon.core.main.TestCaseExecutor.processExecutionPhase(TestCaseExecutor.java:418)
	at com.kms.katalon.core.main.TestCaseExecutor.accessMainPhase(TestCaseExecutor.java:410)
	at com.kms.katalon.core.main.TestCaseExecutor.execute(TestCaseExecutor.java:285)
	at com.kms.katalon.core.common.CommonExecutor.accessTestCaseMainPhase(CommonExecutor.java:65)
	at com.kms.katalon.core.main.TestSuiteExecutor.accessTestSuiteMainPhase(TestSuiteExecutor.java:148)
	at com.kms.katalon.core.main.TestSuiteExecutor.execute(TestSuiteExecutor.java:106)
	at com.kms.katalon.core.main.TestCaseMain.startTestSuite(TestCaseMain.java:187)
	at com.kms.katalon.core.main.TestCaseMain$startTestSuite$0.call(Unknown Source)
	at TempTestSuite1686727046535.run(TempTestSuite1686727046535.groovy:36)
)]]></system-out>
         <system-err><![CDATA[2023-06-14 14:17:58 - [TEST_CASE][FAILED] - Test Cases/PaymentShopeePayCase(Saving): Test Cases/PaymentShopeePayCase(Saving) FAILED.
Reason:
com.kms.katalon.core.exception.StepFailedException: Expected element property value '00' is not equal with actual property value '13'
	at com.kms.katalon.core.keyword.internal.KeywordMain.stepFailed(KeywordMain.groovy:51)
	at com.kms.katalon.core.webservice.keyword.builtin.VerifyElementPropertyValueKeyword$_verifyElementPropertyValue_closure1.doCall(VerifyElementPropertyValueKeyword.groovy:56)
	at com.kms.katalon.core.webservice.keyword.builtin.VerifyElementPropertyValueKeyword$_verifyElementPropertyValue_closure1.call(VerifyElementPropertyValueKeyword.groovy)
	at com.kms.katalon.core.keyword.internal.KeywordMain.runKeyword(KeywordMain.groovy:75)
	at com.kms.katalon.core.webservice.keyword.builtin.VerifyElementPropertyValueKeyword.verifyElementPropertyValue(VerifyElementPropertyValueKeyword.groovy:48)
	at com.kms.katalon.core.webservice.keyword.builtin.VerifyElementPropertyValueKeyword.execute(VerifyElementPropertyValueKeyword.groovy:43)
	at com.kms.katalon.core.keyword.internal.KeywordExecutor.executeKeywordForPlatform(KeywordExecutor.groovy:74)
	at com.kms.katalon.core.webservice.keyword.WSBuiltInKeywords.verifyElementPropertyValue(WSBuiltInKeywords.groovy:190)
	at com.kms.katalon.core.webservice.keyword.WSBuiltInKeywords$verifyElementPropertyValue$2.call(Unknown Source)
	at PaymentShopeePayCase(Saving).run(PaymentShopeePayCase(Saving):106)
	at com.kms.katalon.core.main.ScriptEngine.run(ScriptEngine.java:194)
	at com.kms.katalon.core.main.ScriptEngine.runScriptAsRawText(ScriptEngine.java:119)
	at com.kms.katalon.core.main.TestCaseExecutor.runScript(TestCaseExecutor.java:448)
	at com.kms.katalon.core.main.TestCaseExecutor.doExecute(TestCaseExecutor.java:439)
	at com.kms.katalon.core.main.TestCaseExecutor.processExecutionPhase(TestCaseExecutor.java:418)
	at com.kms.katalon.core.main.TestCaseExecutor.accessMainPhase(TestCaseExecutor.java:410)
	at com.kms.katalon.core.main.TestCaseExecutor.execute(TestCaseExecutor.java:285)
	at com.kms.katalon.core.common.CommonExecutor.accessTestCaseMainPhase(CommonExecutor.java:65)
	at com.kms.katalon.core.main.TestSuiteExecutor.accessTestSuiteMainPhase(TestSuiteExecutor.java:148)
	at com.kms.katalon.core.main.TestSuiteExecutor.execute(TestSuiteExecutor.java:106)
	at com.kms.katalon.core.main.TestCaseMain.startTestSuite(TestCaseMain.java:187)
	at com.kms.katalon.core.main.TestCaseMain$startTestSuite$0.call(Unknown Source)
	at TempTestSuite1686727046535.run(TempTestSuite1686727046535.groovy:36)]]></system-err>
      </testcase>
      <testcase name="Test Cases/AdviceShopeePayCase(Saving)" time="3.259" classname="Test Cases/AdviceShopeePayCase(Saving)" status="FAILED">
         <failure type="FAILED" message="Test Cases/AdviceShopeePayCase(Saving) FAILED.
Reason:
com.kms.katalon.core.exception.StepFailedException: Expected status code is '200' but actual status code is '401'
	at com.kms.katalon.core.keyword.internal.KeywordMain.stepFailed(KeywordMain.groovy:51)
	at com.kms.katalon.core.webservice.keyword.builtin.VerifyResponseStatusCodeKeyword.verifyStatusCode(VerifyResponseStatusCodeKeyword.groovy:52)
	at com.kms.katalon.core.webservice.keyword.builtin.VerifyResponseStatusCodeKeyword.access$1(VerifyResponseStatusCodeKeyword.groovy)
	at com.kms.katalon.core.webservice.keyword.builtin.VerifyResponseStatusCodeKeyword$_verifyResponseStatusCode_closure1.doCall(VerifyResponseStatusCodeKeyword.groovy:42)
	at com.kms.katalon.core.webservice.keyword.builtin.VerifyResponseStatusCodeKeyword$_verifyResponseStatusCode_closure1.call(VerifyResponseStatusCodeKeyword.groovy)
	at com.kms.katalon.core.keyword.internal.KeywordMain.runKeyword(KeywordMain.groovy:75)
	at com.kms.katalon.core.webservice.keyword.builtin.VerifyResponseStatusCodeKeyword.verifyResponseStatusCode(VerifyResponseStatusCodeKeyword.groovy:37)
	at com.kms.katalon.core.webservice.keyword.builtin.VerifyResponseStatusCodeKeyword.execute(VerifyResponseStatusCodeKeyword.groovy:32)
	at com.kms.katalon.core.keyword.internal.KeywordExecutor.executeKeywordForPlatform(KeywordExecutor.groovy:74)
	at com.kms.katalon.core.webservice.keyword.WSBuiltInKeywords.verifyResponseStatusCode(WSBuiltInKeywords.groovy:345)
	at com.kms.katalon.core.webservice.keyword.WSBuiltInKeywords$verifyResponseStatusCode$1.call(Unknown Source)
	at AdviceShopeePayCase(Saving).run(AdviceShopeePayCase(Saving):34)
	at com.kms.katalon.core.main.ScriptEngine.run(ScriptEngine.java:194)
	at com.kms.katalon.core.main.ScriptEngine.runScriptAsRawText(ScriptEngine.java:119)
	at com.kms.katalon.core.main.TestCaseExecutor.runScript(TestCaseExecutor.java:448)
	at com.kms.katalon.core.main.TestCaseExecutor.doExecute(TestCaseExecutor.java:439)
	at com.kms.katalon.core.main.TestCaseExecutor.processExecutionPhase(TestCaseExecutor.java:418)
	at com.kms.katalon.core.main.TestCaseExecutor.accessMainPhase(TestCaseExecutor.java:410)
	at com.kms.katalon.core.main.TestCaseExecutor.execute(TestCaseExecutor.java:285)
	at com.kms.katalon.core.common.CommonExecutor.accessTestCaseMainPhase(CommonExecutor.java:65)
	at com.kms.katalon.core.main.TestSuiteExecutor.accessTestSuiteMainPhase(TestSuiteExecutor.java:148)
	at com.kms.katalon.core.main.TestSuiteExecutor.execute(TestSuiteExecutor.java:106)
	at com.kms.katalon.core.main.TestCaseMain.startTestSuite(TestCaseMain.java:187)
	at com.kms.katalon.core.main.TestCaseMain$startTestSuite$0.call(Unknown Source)
	at TempTestSuite1686727046535.run(TempTestSuite1686727046535.groovy:36)
"/>
         <system-out><![CDATA[2023-06-14 14:18:01 - [TEST_CASE][FAILED] - Test Cases/AdviceShopeePayCase(Saving): Test Cases/AdviceShopeePayCase(Saving) FAILED.
Reason:
com.kms.katalon.core.exception.StepFailedException: Expected status code is '200' but actual status code is '401'
	at com.kms.katalon.core.keyword.internal.KeywordMain.stepFailed(KeywordMain.groovy:51)
	at com.kms.katalon.core.webservice.keyword.builtin.VerifyResponseStatusCodeKeyword.verifyStatusCode(VerifyResponseStatusCodeKeyword.groovy:52)
	at com.kms.katalon.core.webservice.keyword.builtin.VerifyResponseStatusCodeKeyword.access$1(VerifyResponseStatusCodeKeyword.groovy)
	at com.kms.katalon.core.webservice.keyword.builtin.VerifyResponseStatusCodeKeyword$_verifyResponseStatusCode_closure1.doCall(VerifyResponseStatusCodeKeyword.groovy:42)
	at com.kms.katalon.core.webservice.keyword.builtin.VerifyResponseStatusCodeKeyword$_verifyResponseStatusCode_closure1.call(VerifyResponseStatusCodeKeyword.groovy)
	at com.kms.katalon.core.keyword.internal.KeywordMain.runKeyword(KeywordMain.groovy:75)
	at com.kms.katalon.core.webservice.keyword.builtin.VerifyResponseStatusCodeKeyword.verifyResponseStatusCode(VerifyResponseStatusCodeKeyword.groovy:37)
	at com.kms.katalon.core.webservice.keyword.builtin.VerifyResponseStatusCodeKeyword.execute(VerifyResponseStatusCodeKeyword.groovy:32)
	at com.kms.katalon.core.keyword.internal.KeywordExecutor.executeKeywordForPlatform(KeywordExecutor.groovy:74)
	at com.kms.katalon.core.webservice.keyword.WSBuiltInKeywords.verifyResponseStatusCode(WSBuiltInKeywords.groovy:345)
	at com.kms.katalon.core.webservice.keyword.WSBuiltInKeywords$verifyResponseStatusCode$1.call(Unknown Source)
	at AdviceShopeePayCase(Saving).run(AdviceShopeePayCase(Saving):34)
	at com.kms.katalon.core.main.ScriptEngine.run(ScriptEngine.java:194)
	at com.kms.katalon.core.main.ScriptEngine.runScriptAsRawText(ScriptEngine.java:119)
	at com.kms.katalon.core.main.TestCaseExecutor.runScript(TestCaseExecutor.java:448)
	at com.kms.katalon.core.main.TestCaseExecutor.doExecute(TestCaseExecutor.java:439)
	at com.kms.katalon.core.main.TestCaseExecutor.processExecutionPhase(TestCaseExecutor.java:418)
	at com.kms.katalon.core.main.TestCaseExecutor.accessMainPhase(TestCaseExecutor.java:410)
	at com.kms.katalon.core.main.TestCaseExecutor.execute(TestCaseExecutor.java:285)
	at com.kms.katalon.core.common.CommonExecutor.accessTestCaseMainPhase(CommonExecutor.java:65)
	at com.kms.katalon.core.main.TestSuiteExecutor.accessTestSuiteMainPhase(TestSuiteExecutor.java:148)
	at com.kms.katalon.core.main.TestSuiteExecutor.execute(TestSuiteExecutor.java:106)
	at com.kms.katalon.core.main.TestCaseMain.startTestSuite(TestCaseMain.java:187)
	at com.kms.katalon.core.main.TestCaseMain$startTestSuite$0.call(Unknown Source)
	at TempTestSuite1686727046535.run(TempTestSuite1686727046535.groovy:36)


2023-06-14 14:18:02 - [TEST_STEP][PASSED] - signatureResponse = sendRequest(findTestObject("Postman/Advice/GET SIGNATURE SERVICE - shopeepay Advice Payment")): Send request successfully

2023-06-14 14:18:03 - [MESSAGE][INFO] - HAR: C:\Users\ABISHAR\git\katalon\api-katalon\Reports\20230614_141726\ShopeePayOpenDenomSuites\20230614_141726\requests\main\6.har

2023-06-14 14:18:03 - [MESSAGE][PASSED] - Send request successfully

2023-06-14 14:18:03 - [TEST_STEP][PASSED] - signature = getElementPropertyValue(signatureResponse, "signature"): null

2023-06-14 14:18:03 - [TEST_STEP][PASSED] - println("signature service is :" + signature): null

2023-06-14 14:18:03 - [TEST_STEP][PASSED] - SERVICE_SIGNATURE = signature: null

2023-06-14 14:18:03 - [TEST_STEP][PASSED] - danaAdviceResponse = sendRequest(findTestObject("Postman/Advice/shopeepay Payment Advice")): Send request successfully

2023-06-14 14:18:04 - [MESSAGE][INFO] - HAR: C:\Users\ABISHAR\git\katalon\api-katalon\Reports\20230614_141726\ShopeePayOpenDenomSuites\20230614_141726\requests\main\7.har

2023-06-14 14:18:04 - [MESSAGE][PASSED] - Send request successfully

2023-06-14 14:18:04 - [TEST_STEP][PASSED] - RC = getElementPropertyValue(danaAdviceResponse, "responseCode"): null

2023-06-14 14:18:04 - [TEST_STEP][PASSED] - println("RC is : " + RC): null

2023-06-14 14:18:04 - [TEST_STEP][FAILED] - verifyResponseStatusCode(danaAdviceResponse, 200): Unable to verify response status code (Root cause: com.kms.katalon.core.exception.StepFailedException: Expected status code is '200' but actual status code is '401'
	at com.kms.katalon.core.keyword.internal.KeywordMain.stepFailed(KeywordMain.groovy:51)
	at com.kms.katalon.core.webservice.keyword.builtin.VerifyResponseStatusCodeKeyword.verifyStatusCode(VerifyResponseStatusCodeKeyword.groovy:52)
	at com.kms.katalon.core.webservice.keyword.builtin.VerifyResponseStatusCodeKeyword.access$1(VerifyResponseStatusCodeKeyword.groovy)
	at com.kms.katalon.core.webservice.keyword.builtin.VerifyResponseStatusCodeKeyword$_verifyResponseStatusCode_closure1.doCall(VerifyResponseStatusCodeKeyword.groovy:42)
	at com.kms.katalon.core.webservice.keyword.builtin.VerifyResponseStatusCodeKeyword$_verifyResponseStatusCode_closure1.call(VerifyResponseStatusCodeKeyword.groovy)
	at com.kms.katalon.core.keyword.internal.KeywordMain.runKeyword(KeywordMain.groovy:75)
	at com.kms.katalon.core.webservice.keyword.builtin.VerifyResponseStatusCodeKeyword.verifyResponseStatusCode(VerifyResponseStatusCodeKeyword.groovy:37)
	at com.kms.katalon.core.webservice.keyword.builtin.VerifyResponseStatusCodeKeyword.execute(VerifyResponseStatusCodeKeyword.groovy:32)
	at com.kms.katalon.core.keyword.internal.KeywordExecutor.executeKeywordForPlatform(KeywordExecutor.groovy:74)
	at com.kms.katalon.core.webservice.keyword.WSBuiltInKeywords.verifyResponseStatusCode(WSBuiltInKeywords.groovy:345)
	at com.kms.katalon.core.webservice.keyword.WSBuiltInKeywords$verifyResponseStatusCode$1.call(Unknown Source)
	at AdviceShopeePayCase(Saving).run(AdviceShopeePayCase(Saving):34)
	at com.kms.katalon.core.main.ScriptEngine.run(ScriptEngine.java:194)
	at com.kms.katalon.core.main.ScriptEngine.runScriptAsRawText(ScriptEngine.java:119)
	at com.kms.katalon.core.main.TestCaseExecutor.runScript(TestCaseExecutor.java:448)
	at com.kms.katalon.core.main.TestCaseExecutor.doExecute(TestCaseExecutor.java:439)
	at com.kms.katalon.core.main.TestCaseExecutor.processExecutionPhase(TestCaseExecutor.java:418)
	at com.kms.katalon.core.main.TestCaseExecutor.accessMainPhase(TestCaseExecutor.java:410)
	at com.kms.katalon.core.main.TestCaseExecutor.execute(TestCaseExecutor.java:285)
	at com.kms.katalon.core.common.CommonExecutor.accessTestCaseMainPhase(CommonExecutor.java:65)
	at com.kms.katalon.core.main.TestSuiteExecutor.accessTestSuiteMainPhase(TestSuiteExecutor.java:148)
	at com.kms.katalon.core.main.TestSuiteExecutor.execute(TestSuiteExecutor.java:106)
	at com.kms.katalon.core.main.TestCaseMain.startTestSuite(TestCaseMain.java:187)
	at com.kms.katalon.core.main.TestCaseMain$startTestSuite$0.call(Unknown Source)
	at TempTestSuite1686727046535.run(TempTestSuite1686727046535.groovy:36)
)

2023-06-14 14:18:04 - [MESSAGE][FAILED] - Expected status code is '200' but actual status code is '401'

2023-06-14 14:18:04 - [MESSAGE][FAILED] - Unable to verify response status code (Root cause: com.kms.katalon.core.exception.StepFailedException: Expected status code is '200' but actual status code is '401'
	at com.kms.katalon.core.keyword.internal.KeywordMain.stepFailed(KeywordMain.groovy:51)
	at com.kms.katalon.core.webservice.keyword.builtin.VerifyResponseStatusCodeKeyword.verifyStatusCode(VerifyResponseStatusCodeKeyword.groovy:52)
	at com.kms.katalon.core.webservice.keyword.builtin.VerifyResponseStatusCodeKeyword.access$1(VerifyResponseStatusCodeKeyword.groovy)
	at com.kms.katalon.core.webservice.keyword.builtin.VerifyResponseStatusCodeKeyword$_verifyResponseStatusCode_closure1.doCall(VerifyResponseStatusCodeKeyword.groovy:42)
	at com.kms.katalon.core.webservice.keyword.builtin.VerifyResponseStatusCodeKeyword$_verifyResponseStatusCode_closure1.call(VerifyResponseStatusCodeKeyword.groovy)
	at com.kms.katalon.core.keyword.internal.KeywordMain.runKeyword(KeywordMain.groovy:75)
	at com.kms.katalon.core.webservice.keyword.builtin.VerifyResponseStatusCodeKeyword.verifyResponseStatusCode(VerifyResponseStatusCodeKeyword.groovy:37)
	at com.kms.katalon.core.webservice.keyword.builtin.VerifyResponseStatusCodeKeyword.execute(VerifyResponseStatusCodeKeyword.groovy:32)
	at com.kms.katalon.core.keyword.internal.KeywordExecutor.executeKeywordForPlatform(KeywordExecutor.groovy:74)
	at com.kms.katalon.core.webservice.keyword.WSBuiltInKeywords.verifyResponseStatusCode(WSBuiltInKeywords.groovy:345)
	at com.kms.katalon.core.webservice.keyword.WSBuiltInKeywords$verifyResponseStatusCode$1.call(Unknown Source)
	at AdviceShopeePayCase(Saving).run(AdviceShopeePayCase(Saving):34)
	at com.kms.katalon.core.main.ScriptEngine.run(ScriptEngine.java:194)
	at com.kms.katalon.core.main.ScriptEngine.runScriptAsRawText(ScriptEngine.java:119)
	at com.kms.katalon.core.main.TestCaseExecutor.runScript(TestCaseExecutor.java:448)
	at com.kms.katalon.core.main.TestCaseExecutor.doExecute(TestCaseExecutor.java:439)
	at com.kms.katalon.core.main.TestCaseExecutor.processExecutionPhase(TestCaseExecutor.java:418)
	at com.kms.katalon.core.main.TestCaseExecutor.accessMainPhase(TestCaseExecutor.java:410)
	at com.kms.katalon.core.main.TestCaseExecutor.execute(TestCaseExecutor.java:285)
	at com.kms.katalon.core.common.CommonExecutor.accessTestCaseMainPhase(CommonExecutor.java:65)
	at com.kms.katalon.core.main.TestSuiteExecutor.accessTestSuiteMainPhase(TestSuiteExecutor.java:148)
	at com.kms.katalon.core.main.TestSuiteExecutor.execute(TestSuiteExecutor.java:106)
	at com.kms.katalon.core.main.TestCaseMain.startTestSuite(TestCaseMain.java:187)
	at com.kms.katalon.core.main.TestCaseMain$startTestSuite$0.call(Unknown Source)
	at TempTestSuite1686727046535.run(TempTestSuite1686727046535.groovy:36)
)]]></system-out>
         <system-err><![CDATA[2023-06-14 14:18:01 - [TEST_CASE][FAILED] - Test Cases/AdviceShopeePayCase(Saving): Test Cases/AdviceShopeePayCase(Saving) FAILED.
Reason:
com.kms.katalon.core.exception.StepFailedException: Expected status code is '200' but actual status code is '401'
	at com.kms.katalon.core.keyword.internal.KeywordMain.stepFailed(KeywordMain.groovy:51)
	at com.kms.katalon.core.webservice.keyword.builtin.VerifyResponseStatusCodeKeyword.verifyStatusCode(VerifyResponseStatusCodeKeyword.groovy:52)
	at com.kms.katalon.core.webservice.keyword.builtin.VerifyResponseStatusCodeKeyword.access$1(VerifyResponseStatusCodeKeyword.groovy)
	at com.kms.katalon.core.webservice.keyword.builtin.VerifyResponseStatusCodeKeyword$_verifyResponseStatusCode_closure1.doCall(VerifyResponseStatusCodeKeyword.groovy:42)
	at com.kms.katalon.core.webservice.keyword.builtin.VerifyResponseStatusCodeKeyword$_verifyResponseStatusCode_closure1.call(VerifyResponseStatusCodeKeyword.groovy)
	at com.kms.katalon.core.keyword.internal.KeywordMain.runKeyword(KeywordMain.groovy:75)
	at com.kms.katalon.core.webservice.keyword.builtin.VerifyResponseStatusCodeKeyword.verifyResponseStatusCode(VerifyResponseStatusCodeKeyword.groovy:37)
	at com.kms.katalon.core.webservice.keyword.builtin.VerifyResponseStatusCodeKeyword.execute(VerifyResponseStatusCodeKeyword.groovy:32)
	at com.kms.katalon.core.keyword.internal.KeywordExecutor.executeKeywordForPlatform(KeywordExecutor.groovy:74)
	at com.kms.katalon.core.webservice.keyword.WSBuiltInKeywords.verifyResponseStatusCode(WSBuiltInKeywords.groovy:345)
	at com.kms.katalon.core.webservice.keyword.WSBuiltInKeywords$verifyResponseStatusCode$1.call(Unknown Source)
	at AdviceShopeePayCase(Saving).run(AdviceShopeePayCase(Saving):34)
	at com.kms.katalon.core.main.ScriptEngine.run(ScriptEngine.java:194)
	at com.kms.katalon.core.main.ScriptEngine.runScriptAsRawText(ScriptEngine.java:119)
	at com.kms.katalon.core.main.TestCaseExecutor.runScript(TestCaseExecutor.java:448)
	at com.kms.katalon.core.main.TestCaseExecutor.doExecute(TestCaseExecutor.java:439)
	at com.kms.katalon.core.main.TestCaseExecutor.processExecutionPhase(TestCaseExecutor.java:418)
	at com.kms.katalon.core.main.TestCaseExecutor.accessMainPhase(TestCaseExecutor.java:410)
	at com.kms.katalon.core.main.TestCaseExecutor.execute(TestCaseExecutor.java:285)
	at com.kms.katalon.core.common.CommonExecutor.accessTestCaseMainPhase(CommonExecutor.java:65)
	at com.kms.katalon.core.main.TestSuiteExecutor.accessTestSuiteMainPhase(TestSuiteExecutor.java:148)
	at com.kms.katalon.core.main.TestSuiteExecutor.execute(TestSuiteExecutor.java:106)
	at com.kms.katalon.core.main.TestCaseMain.startTestSuite(TestCaseMain.java:187)
	at com.kms.katalon.core.main.TestCaseMain$startTestSuite$0.call(Unknown Source)
	at TempTestSuite1686727046535.run(TempTestSuite1686727046535.groovy:36)]]></system-err>
      </testcase>
      <system-out><![CDATA[2023-06-14 14:17:41 - [TEST_SUITE][FAILED] - ShopeePayOpenDenomSuites: Test Cases/PaymentShopeePayCase(Saving) FAILED.
Reason:
com.kms.katalon.core.exception.StepFailedException: Expected element property value '00' is not equal with actual property value '13'
	at com.kms.katalon.core.keyword.internal.KeywordMain.stepFailed(KeywordMain.groovy:51)
	at com.kms.katalon.core.webservice.keyword.builtin.VerifyElementPropertyValueKeyword$_verifyElementPropertyValue_closure1.doCall(VerifyElementPropertyValueKeyword.groovy:56)
	at com.kms.katalon.core.webservice.keyword.builtin.VerifyElementPropertyValueKeyword$_verifyElementPropertyValue_closure1.call(VerifyElementPropertyValueKeyword.groovy)
	at com.kms.katalon.core.keyword.internal.KeywordMain.runKeyword(KeywordMain.groovy:75)
	at com.kms.katalon.core.webservice.keyword.builtin.VerifyElementPropertyValueKeyword.verifyElementPropertyValue(VerifyElementPropertyValueKeyword.groovy:48)
	at com.kms.katalon.core.webservice.keyword.builtin.VerifyElementPropertyValueKeyword.execute(VerifyElementPropertyValueKeyword.groovy:43)
	at com.kms.katalon.core.keyword.internal.KeywordExecutor.executeKeywordForPlatform(KeywordExecutor.groovy:74)
	at com.kms.katalon.core.webservice.keyword.WSBuiltInKeywords.verifyElementPropertyValue(WSBuiltInKeywords.groovy:190)
	at com.kms.katalon.core.webservice.keyword.WSBuiltInKeywords$verifyElementPropertyValue$2.call(Unknown Source)
	at PaymentShopeePayCase(Saving).run(PaymentShopeePayCase(Saving):106)
	at com.kms.katalon.core.main.ScriptEngine.run(ScriptEngine.java:194)
	at com.kms.katalon.core.main.ScriptEngine.runScriptAsRawText(ScriptEngine.java:119)
	at com.kms.katalon.core.main.TestCaseExecutor.runScript(TestCaseExecutor.java:448)
	at com.kms.katalon.core.main.TestCaseExecutor.doExecute(TestCaseExecutor.java:439)
	at com.kms.katalon.core.main.TestCaseExecutor.processExecutionPhase(TestCaseExecutor.java:418)
	at com.kms.katalon.core.main.TestCaseExecutor.accessMainPhase(TestCaseExecutor.java:410)
	at com.kms.katalon.core.main.TestCaseExecutor.execute(TestCaseExecutor.java:285)
	at com.kms.katalon.core.common.CommonExecutor.accessTestCaseMainPhase(CommonExecutor.java:65)
	at com.kms.katalon.core.main.TestSuiteExecutor.accessTestSuiteMainPhase(TestSuiteExecutor.java:148)
	at com.kms.katalon.core.main.TestSuiteExecutor.execute(TestSuiteExecutor.java:106)
	at com.kms.katalon.core.main.TestCaseMain.startTestSuite(TestCaseMain.java:187)
	at com.kms.katalon.core.main.TestCaseMain$startTestSuite$0.call(Unknown Source)
	at TempTestSuite1686727046535.run(TempTestSuite1686727046535.groovy:36)]]></system-out>
      <system-err><![CDATA[2023-06-14 14:17:41 - [TEST_SUITE][FAILED] - ShopeePayOpenDenomSuites: Test Cases/PaymentShopeePayCase(Saving) FAILED.
Reason:
com.kms.katalon.core.exception.StepFailedException: Expected element property value '00' is not equal with actual property value '13'
	at com.kms.katalon.core.keyword.internal.KeywordMain.stepFailed(KeywordMain.groovy:51)
	at com.kms.katalon.core.webservice.keyword.builtin.VerifyElementPropertyValueKeyword$_verifyElementPropertyValue_closure1.doCall(VerifyElementPropertyValueKeyword.groovy:56)
	at com.kms.katalon.core.webservice.keyword.builtin.VerifyElementPropertyValueKeyword$_verifyElementPropertyValue_closure1.call(VerifyElementPropertyValueKeyword.groovy)
	at com.kms.katalon.core.keyword.internal.KeywordMain.runKeyword(KeywordMain.groovy:75)
	at com.kms.katalon.core.webservice.keyword.builtin.VerifyElementPropertyValueKeyword.verifyElementPropertyValue(VerifyElementPropertyValueKeyword.groovy:48)
	at com.kms.katalon.core.webservice.keyword.builtin.VerifyElementPropertyValueKeyword.execute(VerifyElementPropertyValueKeyword.groovy:43)
	at com.kms.katalon.core.keyword.internal.KeywordExecutor.executeKeywordForPlatform(KeywordExecutor.groovy:74)
	at com.kms.katalon.core.webservice.keyword.WSBuiltInKeywords.verifyElementPropertyValue(WSBuiltInKeywords.groovy:190)
	at com.kms.katalon.core.webservice.keyword.WSBuiltInKeywords$verifyElementPropertyValue$2.call(Unknown Source)
	at PaymentShopeePayCase(Saving).run(PaymentShopeePayCase(Saving):106)
	at com.kms.katalon.core.main.ScriptEngine.run(ScriptEngine.java:194)
	at com.kms.katalon.core.main.ScriptEngine.runScriptAsRawText(ScriptEngine.java:119)
	at com.kms.katalon.core.main.TestCaseExecutor.runScript(TestCaseExecutor.java:448)
	at com.kms.katalon.core.main.TestCaseExecutor.doExecute(TestCaseExecutor.java:439)
	at com.kms.katalon.core.main.TestCaseExecutor.processExecutionPhase(TestCaseExecutor.java:418)
	at com.kms.katalon.core.main.TestCaseExecutor.accessMainPhase(TestCaseExecutor.java:410)
	at com.kms.katalon.core.main.TestCaseExecutor.execute(TestCaseExecutor.java:285)
	at com.kms.katalon.core.common.CommonExecutor.accessTestCaseMainPhase(CommonExecutor.java:65)
	at com.kms.katalon.core.main.TestSuiteExecutor.accessTestSuiteMainPhase(TestSuiteExecutor.java:148)
	at com.kms.katalon.core.main.TestSuiteExecutor.execute(TestSuiteExecutor.java:106)
	at com.kms.katalon.core.main.TestCaseMain.startTestSuite(TestCaseMain.java:187)
	at com.kms.katalon.core.main.TestCaseMain$startTestSuite$0.call(Unknown Source)
	at TempTestSuite1686727046535.run(TempTestSuite1686727046535.groovy:36)]]></system-err>
   </testsuite>
</testsuites>
