<?xml version="1.0" encoding="UTF-8"?>
<testsuites name="Test" time="9.531" tests="2" failures="0" errors="1">
   <testsuite name="Test" tests="2" failures="0" errors="1" time="9.531" skipped="0" timestamp="2023-06-13 14:15:31" hostname="ABISHAR - Lenovo" id="Test Suites/Test">
      <properties>
         <property name="deviceName" value=""/>
         <property name="devicePlatform" value=""/>
         <property name="logFolder" value="C:\\Users\\ABISHAR\\Katalon Studio\\My First API Project\\Reports\\20230613_141516\\Test\\20230613_141516"/>
         <property name="logFiles" value="C:\\Users\\ABISHAR\\Katalon Studio\\My First API Project\\Reports\\20230613_141516\\Test\\20230613_141516\\execution0.log"/>
         <property name="attachments" value=""/>
         <property name="hostName" value="ABISHAR - Lenovo"/>
         <property name="hostAddress" value="10.131.0.18"/>
         <property name="os" value="Windows 10 64bit"/>
         <property name="katalonVersion" value="8.6.5.208"/>
      </properties>
      <testcase name="Test Cases/GetTokenCase" time="7.752" classname="Test Cases/GetTokenCase" status="PASSED">
         <system-out><![CDATA[2023-06-13 14:15:32 - [TEST_CASE][PASSED] - Test Cases/GetTokenCase: Test Cases/GetTokenCase

2023-06-13 14:15:33 - [TEST_STEP][PASSED] - currentTime = ZonedDateTime.now(ZoneOffset.ofHours(7)): null

2023-06-13 14:15:33 - [TEST_STEP][PASSED] - formatter = DateTimeFormatter.ofPattern("yyyy-MM-dd'T'HH:mm:ssxxx"): null

2023-06-13 14:15:33 - [TEST_STEP][PASSED] - formattedTimestamp = currentTime.format(formatter): null

2023-06-13 14:15:33 - [TEST_STEP][PASSED] - println("Timestamp: " + formattedTimestamp): null

2023-06-13 14:15:33 - [TEST_STEP][PASSED] - TIMESTAMP = formattedTimestamp: null

2023-06-13 14:15:34 - [TEST_STEP][PASSED] - signatureResponse = sendRequest(findTestObject("Postman/auth/GET SIGNATURE")): Send request successfully

2023-06-13 14:15:38 - [MESSAGE][INFO] - HAR: C:\Users\ABISHAR\Katalon Studio\My First API Project\Reports\20230613_141516\Test\20230613_141516\requests\main\0.har

2023-06-13 14:15:39 - [MESSAGE][PASSED] - Send request successfully

2023-06-13 14:15:39 - [TEST_STEP][PASSED] - signature = getElementPropertyValue(signatureResponse, "signature"): null

2023-06-13 14:15:39 - [TEST_STEP][PASSED] - println("signature is :" + signature): null

2023-06-13 14:15:39 - [TEST_STEP][PASSED] - AUTH_SIGNATURE = signature: null

2023-06-13 14:15:39 - [TEST_STEP][PASSED] - tokenResponse = sendRequest(findTestObject("Postman/auth/GET TOKEN", ["TIMESTAMP1":TIMESTAMP, "AUTH_SIGNATURE1":AUTH_SIGNATURE])): Send request successfully

2023-06-13 14:15:39 - [MESSAGE][INFO] - HAR: C:\Users\ABISHAR\Katalon Studio\My First API Project\Reports\20230613_141516\Test\20230613_141516\requests\main\1.har

2023-06-13 14:15:39 - [MESSAGE][PASSED] - Send request successfully

2023-06-13 14:15:39 - [TEST_STEP][PASSED] - verifyResponseStatusCode(tokenResponse, 200): Verify response status code successfully

2023-06-13 14:15:39 - [MESSAGE][PASSED] - Verify response status code successfully

2023-06-13 14:15:39 - [TEST_STEP][PASSED] - token = getElementPropertyValue(tokenResponse, "accessToken"): null

2023-06-13 14:15:39 - [TEST_STEP][PASSED] - println("Token is : " + token): null

2023-06-13 14:15:39 - [TEST_STEP][PASSED] - TOKEN = token: null]]></system-out>
         <system-err><![CDATA[]]></system-err>
      </testcase>
      <testcase name="Test Cases/InquiryDanaCase(Saving)" time="1.15" classname="Test Cases/InquiryDanaCase(Saving)" status="ERROR">
         <error type="ERROR" message="Test Cases/InquiryDanaCase(Saving) FAILED.
Reason:
org.codehaus.groovy.control.MultipleCompilationErrorsException: startup failed:
file:/C:/Users/ABISHAR/Katalon%20Studio/My%20First%20API%20Project/Scripts/InquiryDanaCase(Saving)/Script1686563242280.groovy: 117: unable to resolve class ResponseObject 
 @ line 117, column 16.
   ResponseObject response = WSResponseManager.getInstance().getCurrentResponse()
                  ^

1 error

	at com.kms.katalon.core.main.ScriptEngine.getScript(ScriptEngine.java:199)
	at com.kms.katalon.core.main.ScriptEngine.run(ScriptEngine.java:194)
	at com.kms.katalon.core.main.ScriptEngine.runScriptAsRawText(ScriptEngine.java:119)
	at com.kms.katalon.core.main.TestCaseExecutor.runScript(TestCaseExecutor.java:448)
	at com.kms.katalon.core.main.TestCaseExecutor.doExecute(TestCaseExecutor.java:439)
	at com.kms.katalon.core.main.TestCaseExecutor.processExecutionPhase(TestCaseExecutor.java:418)
	at com.kms.katalon.core.main.TestCaseExecutor.accessMainPhase(TestCaseExecutor.java:410)
	at com.kms.katalon.core.main.TestCaseExecutor.execute(TestCaseExecutor.java:285)
	at com.kms.katalon.core.common.CommonExecutor.accessTestCaseMainPhase(CommonExecutor.java:65)
	at com.kms.katalon.core.main.TestSuiteExecutor.accessTestSuiteMainPhase(TestSuiteExecutor.java:148)
	at com.kms.katalon.core.main.TestSuiteExecutor.execute(TestSuiteExecutor.java:106)
	at com.kms.katalon.core.main.TestCaseMain.startTestSuite(TestCaseMain.java:187)
	at com.kms.katalon.core.main.TestCaseMain$startTestSuite$0.call(Unknown Source)
	at TempTestSuite1686640516890.run(TempTestSuite1686640516890.groovy:36)
"/>
         <system-out><![CDATA[2023-06-13 14:15:40 - [TEST_CASE][ERROR] - Test Cases/InquiryDanaCase(Saving): Test Cases/InquiryDanaCase(Saving) FAILED.
Reason:
org.codehaus.groovy.control.MultipleCompilationErrorsException: startup failed:
file:/C:/Users/ABISHAR/Katalon%20Studio/My%20First%20API%20Project/Scripts/InquiryDanaCase(Saving)/Script1686563242280.groovy: 117: unable to resolve class ResponseObject 
 @ line 117, column 16.
   ResponseObject response = WSResponseManager.getInstance().getCurrentResponse()
                  ^

1 error

	at com.kms.katalon.core.main.ScriptEngine.getScript(ScriptEngine.java:199)
	at com.kms.katalon.core.main.ScriptEngine.run(ScriptEngine.java:194)
	at com.kms.katalon.core.main.ScriptEngine.runScriptAsRawText(ScriptEngine.java:119)
	at com.kms.katalon.core.main.TestCaseExecutor.runScript(TestCaseExecutor.java:448)
	at com.kms.katalon.core.main.TestCaseExecutor.doExecute(TestCaseExecutor.java:439)
	at com.kms.katalon.core.main.TestCaseExecutor.processExecutionPhase(TestCaseExecutor.java:418)
	at com.kms.katalon.core.main.TestCaseExecutor.accessMainPhase(TestCaseExecutor.java:410)
	at com.kms.katalon.core.main.TestCaseExecutor.execute(TestCaseExecutor.java:285)
	at com.kms.katalon.core.common.CommonExecutor.accessTestCaseMainPhase(CommonExecutor.java:65)
	at com.kms.katalon.core.main.TestSuiteExecutor.accessTestSuiteMainPhase(TestSuiteExecutor.java:148)
	at com.kms.katalon.core.main.TestSuiteExecutor.execute(TestSuiteExecutor.java:106)
	at com.kms.katalon.core.main.TestCaseMain.startTestSuite(TestCaseMain.java:187)
	at com.kms.katalon.core.main.TestCaseMain$startTestSuite$0.call(Unknown Source)
	at TempTestSuite1686640516890.run(TempTestSuite1686640516890.groovy:36)]]></system-out>
         <system-err><![CDATA[2023-06-13 14:15:40 - [TEST_CASE][ERROR] - Test Cases/InquiryDanaCase(Saving): Test Cases/InquiryDanaCase(Saving) FAILED.
Reason:
org.codehaus.groovy.control.MultipleCompilationErrorsException: startup failed:
file:/C:/Users/ABISHAR/Katalon%20Studio/My%20First%20API%20Project/Scripts/InquiryDanaCase(Saving)/Script1686563242280.groovy: 117: unable to resolve class ResponseObject 
 @ line 117, column 16.
   ResponseObject response = WSResponseManager.getInstance().getCurrentResponse()
                  ^

1 error

	at com.kms.katalon.core.main.ScriptEngine.getScript(ScriptEngine.java:199)
	at com.kms.katalon.core.main.ScriptEngine.run(ScriptEngine.java:194)
	at com.kms.katalon.core.main.ScriptEngine.runScriptAsRawText(ScriptEngine.java:119)
	at com.kms.katalon.core.main.TestCaseExecutor.runScript(TestCaseExecutor.java:448)
	at com.kms.katalon.core.main.TestCaseExecutor.doExecute(TestCaseExecutor.java:439)
	at com.kms.katalon.core.main.TestCaseExecutor.processExecutionPhase(TestCaseExecutor.java:418)
	at com.kms.katalon.core.main.TestCaseExecutor.accessMainPhase(TestCaseExecutor.java:410)
	at com.kms.katalon.core.main.TestCaseExecutor.execute(TestCaseExecutor.java:285)
	at com.kms.katalon.core.common.CommonExecutor.accessTestCaseMainPhase(CommonExecutor.java:65)
	at com.kms.katalon.core.main.TestSuiteExecutor.accessTestSuiteMainPhase(TestSuiteExecutor.java:148)
	at com.kms.katalon.core.main.TestSuiteExecutor.execute(TestSuiteExecutor.java:106)
	at com.kms.katalon.core.main.TestCaseMain.startTestSuite(TestCaseMain.java:187)
	at com.kms.katalon.core.main.TestCaseMain$startTestSuite$0.call(Unknown Source)
	at TempTestSuite1686640516890.run(TempTestSuite1686640516890.groovy:36)]]></system-err>
      </testcase>
      <system-out><![CDATA[2023-06-13 14:15:31 - [TEST_SUITE][ERROR] - Test: Test Cases/InquiryDanaCase(Saving) FAILED.
Reason:
org.codehaus.groovy.control.MultipleCompilationErrorsException: startup failed:
file:/C:/Users/ABISHAR/Katalon%20Studio/My%20First%20API%20Project/Scripts/InquiryDanaCase(Saving)/Script1686563242280.groovy: 117: unable to resolve class ResponseObject 
 @ line 117, column 16.
   ResponseObject response = WSResponseManager.getInstance().getCurrentResponse()
                  ^

1 error

	at com.kms.katalon.core.main.ScriptEngine.getScript(ScriptEngine.java:199)
	at com.kms.katalon.core.main.ScriptEngine.run(ScriptEngine.java:194)
	at com.kms.katalon.core.main.ScriptEngine.runScriptAsRawText(ScriptEngine.java:119)
	at com.kms.katalon.core.main.TestCaseExecutor.runScript(TestCaseExecutor.java:448)
	at com.kms.katalon.core.main.TestCaseExecutor.doExecute(TestCaseExecutor.java:439)
	at com.kms.katalon.core.main.TestCaseExecutor.processExecutionPhase(TestCaseExecutor.java:418)
	at com.kms.katalon.core.main.TestCaseExecutor.accessMainPhase(TestCaseExecutor.java:410)
	at com.kms.katalon.core.main.TestCaseExecutor.execute(TestCaseExecutor.java:285)
	at com.kms.katalon.core.common.CommonExecutor.accessTestCaseMainPhase(CommonExecutor.java:65)
	at com.kms.katalon.core.main.TestSuiteExecutor.accessTestSuiteMainPhase(TestSuiteExecutor.java:148)
	at com.kms.katalon.core.main.TestSuiteExecutor.execute(TestSuiteExecutor.java:106)
	at com.kms.katalon.core.main.TestCaseMain.startTestSuite(TestCaseMain.java:187)
	at com.kms.katalon.core.main.TestCaseMain$startTestSuite$0.call(Unknown Source)
	at TempTestSuite1686640516890.run(TempTestSuite1686640516890.groovy:36)]]></system-out>
      <system-err><![CDATA[2023-06-13 14:15:31 - [TEST_SUITE][ERROR] - Test: Test Cases/InquiryDanaCase(Saving) FAILED.
Reason:
org.codehaus.groovy.control.MultipleCompilationErrorsException: startup failed:
file:/C:/Users/ABISHAR/Katalon%20Studio/My%20First%20API%20Project/Scripts/InquiryDanaCase(Saving)/Script1686563242280.groovy: 117: unable to resolve class ResponseObject 
 @ line 117, column 16.
   ResponseObject response = WSResponseManager.getInstance().getCurrentResponse()
                  ^

1 error

	at com.kms.katalon.core.main.ScriptEngine.getScript(ScriptEngine.java:199)
	at com.kms.katalon.core.main.ScriptEngine.run(ScriptEngine.java:194)
	at com.kms.katalon.core.main.ScriptEngine.runScriptAsRawText(ScriptEngine.java:119)
	at com.kms.katalon.core.main.TestCaseExecutor.runScript(TestCaseExecutor.java:448)
	at com.kms.katalon.core.main.TestCaseExecutor.doExecute(TestCaseExecutor.java:439)
	at com.kms.katalon.core.main.TestCaseExecutor.processExecutionPhase(TestCaseExecutor.java:418)
	at com.kms.katalon.core.main.TestCaseExecutor.accessMainPhase(TestCaseExecutor.java:410)
	at com.kms.katalon.core.main.TestCaseExecutor.execute(TestCaseExecutor.java:285)
	at com.kms.katalon.core.common.CommonExecutor.accessTestCaseMainPhase(CommonExecutor.java:65)
	at com.kms.katalon.core.main.TestSuiteExecutor.accessTestSuiteMainPhase(TestSuiteExecutor.java:148)
	at com.kms.katalon.core.main.TestSuiteExecutor.execute(TestSuiteExecutor.java:106)
	at com.kms.katalon.core.main.TestCaseMain.startTestSuite(TestCaseMain.java:187)
	at com.kms.katalon.core.main.TestCaseMain$startTestSuite$0.call(Unknown Source)
	at TempTestSuite1686640516890.run(TempTestSuite1686640516890.groovy:36)]]></system-err>
   </testsuite>
</testsuites>
